<testsuites id="" name="" tests="103" failures="86" skipped="0" errors="0" time="4110.594663">
<testsuite name="mapbyregion.mbhpages.ts" timestamp="2024-06-14T15:04:44.957Z" hostname="chrome" tests="1" failures="1" skipped="0" time="90.123" errors="0">
<testcase name="map by region test" classname="mapbyregion.mbhpages.ts" time="90.123">
<properties>
<property name="slow" value="">
</property>
</properties>
<failure message="mapbyregion.mbhpages.ts:7:5 map by region test" type="FAILURE">
<![CDATA[  [chrome] › mapbyregion.mbhpages.ts:7:5 › map by region test ──────────────────────────────────────

    Test timeout of 90000ms exceeded.

    attachment #1: screenshot (image/png) ──────────────────────────────────────────────────────────
    test-results\mapbyregion.mbhpages.ts-map-by-region-test-chrome\test-failed-1.png
    ────────────────────────────────────────────────────────────────────────────────────────────────

    attachment #2: video (video/webm) ──────────────────────────────────────────────────────────────
    test-results\mapbyregion.mbhpages.ts-map-by-region-test-chrome\video.webm
    ────────────────────────────────────────────────────────────────────────────────────────────────
]]>
</failure>
<system-out>
<![CDATA[
[[ATTACHMENT|test-results\mapbyregion.mbhpages.ts-map-by-region-test-chrome\test-failed-1.png]]

[[ATTACHMENT|test-results\mapbyregion.mbhpages.ts-map-by-region-test-chrome\video.webm]]
]]>
</system-out>
</testcase>
</testsuite>
<testsuite name="mbhaddnewusers.mbhpages.ts" timestamp="2024-06-14T15:04:44.957Z" hostname="chrome" tests="1" failures="1" skipped="0" time="95.558" errors="0">
<testcase name="add new users" classname="mbhaddnewusers.mbhpages.ts" time="95.558">
<properties>
<property name="slow" value="">
</property>
</properties>
<failure message="mbhaddnewusers.mbhpages.ts:7:5 add new users" type="FAILURE">
<![CDATA[  [chrome] › mbhaddnewusers.mbhpages.ts:7:5 › add new users ────────────────────────────────────────

    Test timeout of 90000ms exceeded.

    Error: locator.click: Test timeout of 90000ms exceeded.
    Call log:
      - waiting for getByLabel('First Name *')


       at classes\usersPage.ts:44

      42 |     async newUser(fname,lname,email,cadmin,contents,users,clinical,reports,mapping,ustatus){
      43 |         //first name
    > 44 |         await this.page.getByLabel('First Name *').click();
         |                                                    ^
      45 |         await this.page.getByLabel('First Name *').fill(fname);
      46 |         //last name
      47 |         await this.page.getByLabel('Last Name *').click();

        at UsersPage.newUser (C:\Users\white\work\mbh-playwright\classes\usersPage.ts:44:52)
        at C:\Users\white\work\mbh-playwright\mbhaddnewusers.mbhpages.ts:22:17

    attachment #1: screenshot (image/png) ──────────────────────────────────────────────────────────
    test-results\mbhaddnewusers.mbhpages.ts-add-new-users-chrome\test-failed-1.png
    ────────────────────────────────────────────────────────────────────────────────────────────────

    attachment #2: video (video/webm) ──────────────────────────────────────────────────────────────
    test-results\mbhaddnewusers.mbhpages.ts-add-new-users-chrome\video.webm
    ────────────────────────────────────────────────────────────────────────────────────────────────
]]>
</failure>
<system-out>
<![CDATA[
[[ATTACHMENT|test-results\mbhaddnewusers.mbhpages.ts-add-new-users-chrome\test-failed-1.png]]

[[ATTACHMENT|test-results\mbhaddnewusers.mbhpages.ts-add-new-users-chrome\video.webm]]
]]>
</system-out>
</testcase>
</testsuite>
<testsuite name="mbhaddpatient.mbhpages.ts" timestamp="2024-06-14T15:04:44.957Z" hostname="chrome" tests="3" failures="3" skipped="0" time="288.164" errors="0">
<testcase name="addpatient" classname="mbhaddpatient.mbhpages.ts" time="96.064">
<properties>
<property name="slow" value="">
</property>
</properties>
<failure message="mbhaddpatient.mbhpages.ts:8:5 addpatient" type="FAILURE">
<![CDATA[  [chrome] › mbhaddpatient.mbhpages.ts:8:5 › addpatient ────────────────────────────────────────────

    Test timeout of 90000ms exceeded.

    Error: locator.click: Test timeout of 90000ms exceeded.
    Call log:
      - waiting for getByLabel('First Name *')


       at classes\patientsPage.ts:168

      166 |          //Required fields only
      167 |          //first name 
    > 168 |         await this.page.getByLabel('First Name *').click();
          |                                                    ^
      169 |         await this.page.getByLabel('First Name *').fill(fname);
      170 |          //last name 
      171 |          await this.page.getByLabel('Last Name *').click();

        at PatientsPage.addPatient (C:\Users\white\work\mbh-playwright\classes\patientsPage.ts:168:52)
        at C:\Users\white\work\mbh-playwright\mbhaddpatient.mbhpages.ts:22:5

    attachment #1: screenshot (image/png) ──────────────────────────────────────────────────────────
    test-results\mbhaddpatient.mbhpages.ts-addpatient-chrome\test-failed-1.png
    ────────────────────────────────────────────────────────────────────────────────────────────────

    attachment #2: video (video/webm) ──────────────────────────────────────────────────────────────
    test-results\mbhaddpatient.mbhpages.ts-addpatient-chrome\video.webm
    ────────────────────────────────────────────────────────────────────────────────────────────────
]]>
</failure>
<system-out>
<![CDATA[
[[ATTACHMENT|test-results\mbhaddpatient.mbhpages.ts-addpatient-chrome\test-failed-1.png]]

[[ATTACHMENT|test-results\mbhaddpatient.mbhpages.ts-addpatient-chrome\video.webm]]
]]>
</system-out>
</testcase>
<testcase name="add edit patient" classname="mbhaddpatient.mbhpages.ts" time="96.004">
<properties>
<property name="slow" value="">
</property>
</properties>
<failure message="mbhaddpatient.mbhpages.ts:31:5 add edit patient" type="FAILURE">
<![CDATA[  [chrome] › mbhaddpatient.mbhpages.ts:31:5 › add edit patient ─────────────────────────────────────

    Test timeout of 90000ms exceeded.

    Error: locator.click: Test timeout of 90000ms exceeded.
    Call log:
      - waiting for getByLabel('First Name *')


       at classes\patientsPage.ts:168

      166 |          //Required fields only
      167 |          //first name 
    > 168 |         await this.page.getByLabel('First Name *').click();
          |                                                    ^
      169 |         await this.page.getByLabel('First Name *').fill(fname);
      170 |          //last name 
      171 |          await this.page.getByLabel('Last Name *').click();

        at PatientsPage.addPatient (C:\Users\white\work\mbh-playwright\classes\patientsPage.ts:168:52)
        at C:\Users\white\work\mbh-playwright\mbhaddpatient.mbhpages.ts:45:5

    attachment #1: screenshot (image/png) ──────────────────────────────────────────────────────────
    test-results\mbhaddpatient.mbhpages.ts-add-edit-patient-chrome\test-failed-1.png
    ────────────────────────────────────────────────────────────────────────────────────────────────

    attachment #2: video (video/webm) ──────────────────────────────────────────────────────────────
    test-results\mbhaddpatient.mbhpages.ts-add-edit-patient-chrome\video.webm
    ────────────────────────────────────────────────────────────────────────────────────────────────
]]>
</failure>
<system-out>
<![CDATA[
[[ATTACHMENT|test-results\mbhaddpatient.mbhpages.ts-add-edit-patient-chrome\test-failed-1.png]]

[[ATTACHMENT|test-results\mbhaddpatient.mbhpages.ts-add-edit-patient-chrome\video.webm]]
]]>
</system-out>
</testcase>
<testcase name="new patient height and weight test" classname="mbhaddpatient.mbhpages.ts" time="96.096">
<properties>
<property name="slow" value="">
</property>
</properties>
<failure message="mbhaddpatient.mbhpages.ts:58:5 new patient height and weight test" type="FAILURE">
<![CDATA[  [chrome] › mbhaddpatient.mbhpages.ts:58:5 › new patient height and weight test ───────────────────

    Test timeout of 90000ms exceeded.

    Error: locator.click: Test timeout of 90000ms exceeded.
    Call log:
      - waiting for getByLabel('First Name *')


       at classes\patientsPage.ts:168

      166 |          //Required fields only
      167 |          //first name 
    > 168 |         await this.page.getByLabel('First Name *').click();
          |                                                    ^
      169 |         await this.page.getByLabel('First Name *').fill(fname);
      170 |          //last name 
      171 |          await this.page.getByLabel('Last Name *').click();

        at PatientsPage.addPatient (C:\Users\white\work\mbh-playwright\classes\patientsPage.ts:168:52)
        at C:\Users\white\work\mbh-playwright\mbhaddpatient.mbhpages.ts:72:5

    attachment #1: screenshot (image/png) ──────────────────────────────────────────────────────────
    test-results\mbhaddpatient.mbhpages.ts-new-patient-height-and-weight-test-chrome\test-failed-1.png
    ────────────────────────────────────────────────────────────────────────────────────────────────

    attachment #2: video (video/webm) ──────────────────────────────────────────────────────────────
    test-results\mbhaddpatient.mbhpages.ts-new-patient-height-and-weight-test-chrome\video.webm
    ────────────────────────────────────────────────────────────────────────────────────────────────
]]>
</failure>
<system-out>
<![CDATA[
[[ATTACHMENT|test-results\mbhaddpatient.mbhpages.ts-new-patient-height-and-weight-test-chrome\test-failed-1.png]]

[[ATTACHMENT|test-results\mbhaddpatient.mbhpages.ts-new-patient-height-and-weight-test-chrome\video.webm]]
]]>
</system-out>
</testcase>
</testsuite>
<testsuite name="mbhaddprovider.mbhpages.ts" timestamp="2024-06-14T15:04:44.957Z" hostname="chrome" tests="2" failures="2" skipped="0" time="191.715" errors="0">
<testcase name="addprovider" classname="mbhaddprovider.mbhpages.ts" time="95.73">
<properties>
<property name="slow" value="">
</property>
</properties>
<failure message="mbhaddprovider.mbhpages.ts:7:5 addprovider" type="FAILURE">
<![CDATA[  [chrome] › mbhaddprovider.mbhpages.ts:7:5 › addprovider ──────────────────────────────────────────

    Test timeout of 90000ms exceeded.

    Error: locator.click: Test timeout of 90000ms exceeded.
    Call log:
      - waiting for getByLabel('First Name *')


       at classes\providersPage.ts:38

      36 |             
      37 |         //first name (required)
    > 38 |         await this.page.getByLabel('First Name *').click();
         |                                                    ^
      39 |         await this.page.getByLabel('First Name *').fill(fname);     
      40 |         //middle name
      41 |         await this.page.getByLabel('Middle Name').click();

        at ProvidersPage.editAddProviderInfo (C:\Users\white\work\mbh-playwright\classes\providersPage.ts:38:52)
        at C:\Users\white\work\mbh-playwright\mbhaddprovider.mbhpages.ts:22:21

    attachment #1: screenshot (image/png) ──────────────────────────────────────────────────────────
    test-results\mbhaddprovider.mbhpages.ts-addprovider-chrome\test-failed-1.png
    ────────────────────────────────────────────────────────────────────────────────────────────────

    attachment #2: video (video/webm) ──────────────────────────────────────────────────────────────
    test-results\mbhaddprovider.mbhpages.ts-addprovider-chrome\video.webm
    ────────────────────────────────────────────────────────────────────────────────────────────────
]]>
</failure>
<system-out>
<![CDATA[
[[ATTACHMENT|test-results\mbhaddprovider.mbhpages.ts-addprovider-chrome\test-failed-1.png]]

[[ATTACHMENT|test-results\mbhaddprovider.mbhpages.ts-addprovider-chrome\video.webm]]
]]>
</system-out>
</testcase>
<testcase name="provider regression testing" classname="mbhaddprovider.mbhpages.ts" time="95.985">
<properties>
<property name="slow" value="">
</property>
</properties>
<failure message="mbhaddprovider.mbhpages.ts:31:5 provider regression testing" type="FAILURE">
<![CDATA[  [chrome] › mbhaddprovider.mbhpages.ts:31:5 › provider regression testing ─────────────────────────

    Test timeout of 90000ms exceeded.

    Error: locator.click: Test timeout of 90000ms exceeded.
    Call log:
      - waiting for getByLabel('First Name *')


       at classes\providersPage.ts:38

      36 |             
      37 |         //first name (required)
    > 38 |         await this.page.getByLabel('First Name *').click();
         |                                                    ^
      39 |         await this.page.getByLabel('First Name *').fill(fname);     
      40 |         //middle name
      41 |         await this.page.getByLabel('Middle Name').click();

        at ProvidersPage.editAddProviderInfo (C:\Users\white\work\mbh-playwright\classes\providersPage.ts:38:52)
        at C:\Users\white\work\mbh-playwright\mbhaddprovider.mbhpages.ts:46:21

    attachment #1: screenshot (image/png) ──────────────────────────────────────────────────────────
    test-results\mbhaddprovider.mbhpages.ts-provider-regression-testing-chrome\test-failed-1.png
    ────────────────────────────────────────────────────────────────────────────────────────────────

    attachment #2: video (video/webm) ──────────────────────────────────────────────────────────────
    test-results\mbhaddprovider.mbhpages.ts-provider-regression-testing-chrome\video.webm
    ────────────────────────────────────────────────────────────────────────────────────────────────
]]>
</failure>
<system-out>
<![CDATA[
[[ATTACHMENT|test-results\mbhaddprovider.mbhpages.ts-provider-regression-testing-chrome\test-failed-1.png]]

[[ATTACHMENT|test-results\mbhaddprovider.mbhpages.ts-provider-regression-testing-chrome\video.webm]]
]]>
</system-out>
</testcase>
</testsuite>
<testsuite name="mbhassignvisit.mbhpages.ts" timestamp="2024-06-14T15:04:44.957Z" hostname="chrome" tests="2" failures="0" skipped="0" time="43.987" errors="0">
<testcase name="test assign visit" classname="mbhassignvisit.mbhpages.ts" time="23.451">
<properties>
<property name="slow" value="">
</property>
</properties>
<system-out>
<![CDATA[
[[ATTACHMENT|test-results\mbhassignvisit.mbhpages.ts-test-assign-visit-chrome\test-finished-1.png]]

[[ATTACHMENT|test-results\mbhassignvisit.mbhpages.ts-test-assign-visit-chrome\video.webm]]
]]>
</system-out>
</testcase>
<testcase name="test unassign visit" classname="mbhassignvisit.mbhpages.ts" time="20.536">
<properties>
<property name="slow" value="">
</property>
</properties>
<system-out>
<![CDATA[
[[ATTACHMENT|test-results\mbhassignvisit.mbhpages.ts-test-unassign-visit-chrome\test-finished-1.png]]

[[ATTACHMENT|test-results\mbhassignvisit.mbhpages.ts-test-unassign-visit-chrome\video.webm]]
]]>
</system-out>
</testcase>
</testsuite>
<testsuite name="mbhcasetype.mbhpages.ts" timestamp="2024-06-14T15:04:44.957Z" hostname="chrome" tests="3" failures="3" skipped="0" time="270.303" errors="0">
<testcase name="delete case type" classname="mbhcasetype.mbhpages.ts" time="90.096">
<properties>
<property name="slow" value="">
</property>
</properties>
<failure message="mbhcasetype.mbhpages.ts:7:5 delete case type" type="FAILURE">
<![CDATA[  [chrome] › mbhcasetype.mbhpages.ts:7:5 › delete case type ────────────────────────────────────────

    Test timeout of 90000ms exceeded.

    attachment #1: screenshot (image/png) ──────────────────────────────────────────────────────────
    test-results\mbhcasetype.mbhpages.ts-delete-case-type-chrome\test-failed-1.png
    ────────────────────────────────────────────────────────────────────────────────────────────────

    attachment #2: video (video/webm) ──────────────────────────────────────────────────────────────
    test-results\mbhcasetype.mbhpages.ts-delete-case-type-chrome\video.webm
    ────────────────────────────────────────────────────────────────────────────────────────────────
]]>
</failure>
<system-out>
<![CDATA[
[[ATTACHMENT|test-results\mbhcasetype.mbhpages.ts-delete-case-type-chrome\test-failed-1.png]]

[[ATTACHMENT|test-results\mbhcasetype.mbhpages.ts-delete-case-type-chrome\video.webm]]
]]>
</system-out>
</testcase>
<testcase name="add/save case type" classname="mbhcasetype.mbhpages.ts" time="90.111">
<properties>
<property name="slow" value="">
</property>
</properties>
<failure message="mbhcasetype.mbhpages.ts:27:5 add/save case type" type="FAILURE">
<![CDATA[  [chrome] › mbhcasetype.mbhpages.ts:27:5 › add/save case type ─────────────────────────────────────

    Test timeout of 90000ms exceeded.

    attachment #1: screenshot (image/png) ──────────────────────────────────────────────────────────
    test-results\mbhcasetype.mbhpages.ts-add-save-case-type-chrome\test-failed-1.png
    ────────────────────────────────────────────────────────────────────────────────────────────────

    attachment #2: video (video/webm) ──────────────────────────────────────────────────────────────
    test-results\mbhcasetype.mbhpages.ts-add-save-case-type-chrome\video.webm
    ────────────────────────────────────────────────────────────────────────────────────────────────
]]>
</failure>
<system-out>
<![CDATA[
[[ATTACHMENT|test-results\mbhcasetype.mbhpages.ts-add-save-case-type-chrome\test-failed-1.png]]

[[ATTACHMENT|test-results\mbhcasetype.mbhpages.ts-add-save-case-type-chrome\video.webm]]
]]>
</system-out>
</testcase>
<testcase name="search/edit case type" classname="mbhcasetype.mbhpages.ts" time="90.096">
<properties>
<property name="slow" value="">
</property>
</properties>
<failure message="mbhcasetype.mbhpages.ts:48:5 search/edit case type" type="FAILURE">
<![CDATA[  [chrome] › mbhcasetype.mbhpages.ts:48:5 › search/edit case type ──────────────────────────────────

    Test timeout of 90000ms exceeded.

    attachment #1: screenshot (image/png) ──────────────────────────────────────────────────────────
    test-results\mbhcasetype.mbhpages.ts-search-edit-case-type-chrome\test-failed-1.png
    ────────────────────────────────────────────────────────────────────────────────────────────────

    attachment #2: video (video/webm) ──────────────────────────────────────────────────────────────
    test-results\mbhcasetype.mbhpages.ts-search-edit-case-type-chrome\video.webm
    ────────────────────────────────────────────────────────────────────────────────────────────────
]]>
</failure>
<system-out>
<![CDATA[
[[ATTACHMENT|test-results\mbhcasetype.mbhpages.ts-search-edit-case-type-chrome\test-failed-1.png]]

[[ATTACHMENT|test-results\mbhcasetype.mbhpages.ts-search-edit-case-type-chrome\video.webm]]
]]>
</system-out>
</testcase>
</testsuite>
<testsuite name="mbhcasetypesmapping.mbhpages.ts" timestamp="2024-06-14T15:04:44.957Z" hostname="chrome" tests="6" failures="3" skipped="0" time="232.963" errors="0">
<testcase name="check pagination on case type mapping page" classname="mbhcasetypesmapping.mbhpages.ts" time="11.164">
<properties>
<property name="slow" value="">
</property>
</properties>
<system-out>
<![CDATA[
[[ATTACHMENT|test-results\mbhcasetypesmapping.mbhpag-deb3b-n-on-case-type-mapping-page-chrome\test-finished-1.png]]

[[ATTACHMENT|test-results\mbhcasetypesmapping.mbhpag-deb3b-n-on-case-type-mapping-page-chrome\video.webm]]
]]>
</system-out>
</testcase>
<testcase name="pagination after search" classname="mbhcasetypesmapping.mbhpages.ts" time="90.115">
<properties>
<property name="slow" value="">
</property>
</properties>
<failure message="mbhcasetypesmapping.mbhpages.ts:25:5 pagination after search" type="FAILURE">
<![CDATA[  [chrome] › mbhcasetypesmapping.mbhpages.ts:25:5 › pagination after search ────────────────────────

    Test timeout of 90000ms exceeded.

    attachment #1: screenshot (image/png) ──────────────────────────────────────────────────────────
    test-results\mbhcasetypesmapping.mbhpages.ts-pagination-after-search-chrome\test-failed-1.png
    ────────────────────────────────────────────────────────────────────────────────────────────────

    attachment #2: video (video/webm) ──────────────────────────────────────────────────────────────
    test-results\mbhcasetypesmapping.mbhpages.ts-pagination-after-search-chrome\video.webm
    ────────────────────────────────────────────────────────────────────────────────────────────────
]]>
</failure>
<system-out>
<![CDATA[
[[ATTACHMENT|test-results\mbhcasetypesmapping.mbhpages.ts-pagination-after-search-chrome\test-failed-1.png]]

[[ATTACHMENT|test-results\mbhcasetypesmapping.mbhpages.ts-pagination-after-search-chrome\video.webm]]
]]>
</system-out>
</testcase>
<testcase name="pagination after filter" classname="mbhcasetypesmapping.mbhpages.ts" time="14.446">
<properties>
<property name="slow" value="">
</property>
</properties>
<failure message="mbhcasetypesmapping.mbhpages.ts:47:5 pagination after filter" type="FAILURE">
<![CDATA[  [chrome] › mbhcasetypesmapping.mbhpages.ts:47:5 › pagination after filter ────────────────────────

    Error: locator.click: Error: strict mode violation: getByText('CARDIO') resolved to 2 elements:
        1) <div _ngcontent-ng-c209578509="">CARDIOVERSION, WITH TRANSESOPHAGEAL ECHOCARDIOGRAM</div> aka getByText('CARDIOVERSION, WITH')
        2) <span class="mdc-list-item__primary-text"> CARDIO </span> aka getByText('CARDIO', { exact: true })

    Call log:
      - waiting for getByText('CARDIO')


       at classes\casetypesmappingPage.ts:49

      47 |     async searchTypeDropDown(casetype: string){
      48 |         await this.page.getByLabel('Case Type').locator('div').nth(2).click();
    > 49 |         await this.page.getByText(casetype).click();
         |                                             ^
      50 |     /**Case Type Key
      51 |      * unmapped
      52 |      * exclude

        at CasetypesmappingPage.searchTypeDropDown (C:\Users\white\work\mbh-playwright\classes\casetypesmappingPage.ts:49:45)
        at C:\Users\white\work\mbh-playwright\mbhcasetypesmapping.mbhpages.ts:63:5

    attachment #1: screenshot (image/png) ──────────────────────────────────────────────────────────
    test-results\mbhcasetypesmapping.mbhpages.ts-pagination-after-filter-chrome\test-failed-1.png
    ────────────────────────────────────────────────────────────────────────────────────────────────

    attachment #2: video (video/webm) ──────────────────────────────────────────────────────────────
    test-results\mbhcasetypesmapping.mbhpages.ts-pagination-after-filter-chrome\video.webm
    ────────────────────────────────────────────────────────────────────────────────────────────────
]]>
</failure>
<system-out>
<![CDATA[
[[ATTACHMENT|test-results\mbhcasetypesmapping.mbhpages.ts-pagination-after-filter-chrome\test-failed-1.png]]

[[ATTACHMENT|test-results\mbhcasetypesmapping.mbhpages.ts-pagination-after-filter-chrome\video.webm]]
]]>
</system-out>
</testcase>
<testcase name="map case type" classname="mbhcasetypesmapping.mbhpages.ts" time="90.12">
<properties>
<property name="slow" value="">
</property>
</properties>
<failure message="mbhcasetypesmapping.mbhpages.ts:69:5 map case type" type="FAILURE">
<![CDATA[  [chrome] › mbhcasetypesmapping.mbhpages.ts:69:5 › map case type ──────────────────────────────────

    Test timeout of 90000ms exceeded.

    attachment #1: screenshot (image/png) ──────────────────────────────────────────────────────────
    test-results\mbhcasetypesmapping.mbhpages.ts-map-case-type-chrome\test-failed-1.png
    ────────────────────────────────────────────────────────────────────────────────────────────────

    attachment #2: video (video/webm) ──────────────────────────────────────────────────────────────
    test-results\mbhcasetypesmapping.mbhpages.ts-map-case-type-chrome\video.webm
    ────────────────────────────────────────────────────────────────────────────────────────────────
]]>
</failure>
<system-out>
<![CDATA[
[[ATTACHMENT|test-results\mbhcasetypesmapping.mbhpages.ts-map-case-type-chrome\test-failed-1.png]]

[[ATTACHMENT|test-results\mbhcasetypesmapping.mbhpages.ts-map-case-type-chrome\video.webm]]
]]>
</system-out>
</testcase>
<testcase name="upload case type mappings" classname="mbhcasetypesmapping.mbhpages.ts" time="14.957">
<properties>
<property name="slow" value="">
</property>
</properties>
<system-out>
<![CDATA[
[[ATTACHMENT|test-results\mbhcasetypesmapping.mbhpages.ts-upload-case-type-mappings-chrome\test-finished-1.png]]

[[ATTACHMENT|test-results\mbhcasetypesmapping.mbhpages.ts-upload-case-type-mappings-chrome\video.webm]]
]]>
</system-out>
</testcase>
<testcase name="download case type mappings" classname="mbhcasetypesmapping.mbhpages.ts" time="12.161">
<properties>
<property name="slow" value="">
</property>
</properties>
<system-out>
<![CDATA[
[[ATTACHMENT|test-results\mbhcasetypesmapping.mbhpages.ts-download-case-type-mappings-chrome\test-finished-1.png]]

[[ATTACHMENT|test-results\mbhcasetypesmapping.mbhpages.ts-download-case-type-mappings-chrome\video.webm]]
]]>
</system-out>
</testcase>
</testsuite>
<testsuite name="mbhcompletecase.mbhpages.ts" timestamp="2024-06-14T15:04:44.957Z" hostname="chrome" tests="10" failures="9" skipped="0" time="844.105" errors="0">
<testcase name="complete surgical treated no followup" classname="mbhcompletecase.mbhpages.ts" time="90.104">
<properties>
<property name="slow" value="">
</property>
</properties>
<failure message="mbhcompletecase.mbhpages.ts:7:5 complete surgical treated no followup" type="FAILURE">
<![CDATA[  [chrome] › mbhcompletecase.mbhpages.ts:7:5 › complete surgical treated no followup ───────────────

    Test timeout of 90000ms exceeded.

    attachment #1: screenshot (image/png) ──────────────────────────────────────────────────────────
    test-results\mbhcompletecase.mbhpages.t-f2ab1-urgical-treated-no-followup-chrome\test-failed-1.png
    ────────────────────────────────────────────────────────────────────────────────────────────────

    attachment #2: video (video/webm) ──────────────────────────────────────────────────────────────
    test-results\mbhcompletecase.mbhpages.t-f2ab1-urgical-treated-no-followup-chrome\video.webm
    ────────────────────────────────────────────────────────────────────────────────────────────────
]]>
</failure>
<system-out>
<![CDATA[
[[ATTACHMENT|test-results\mbhcompletecase.mbhpages.t-f2ab1-urgical-treated-no-followup-chrome\test-failed-1.png]]

[[ATTACHMENT|test-results\mbhcompletecase.mbhpages.t-f2ab1-urgical-treated-no-followup-chrome\video.webm]]
]]>
</system-out>
</testcase>
<testcase name="complete surgical treated followup" classname="mbhcompletecase.mbhpages.ts" time="90.111">
<properties>
<property name="slow" value="">
</property>
</properties>
<failure message="mbhcompletecase.mbhpages.ts:31:5 complete surgical treated followup" type="FAILURE">
<![CDATA[  [chrome] › mbhcompletecase.mbhpages.ts:31:5 › complete surgical treated followup ─────────────────

    Test timeout of 90000ms exceeded.

    attachment #1: screenshot (image/png) ──────────────────────────────────────────────────────────
    test-results\mbhcompletecase.mbhpages.t-db467-e-surgical-treated-followup-chrome\test-failed-1.png
    ────────────────────────────────────────────────────────────────────────────────────────────────

    attachment #2: video (video/webm) ──────────────────────────────────────────────────────────────
    test-results\mbhcompletecase.mbhpages.t-db467-e-surgical-treated-followup-chrome\video.webm
    ────────────────────────────────────────────────────────────────────────────────────────────────
]]>
</failure>
<system-out>
<![CDATA[
[[ATTACHMENT|test-results\mbhcompletecase.mbhpages.t-db467-e-surgical-treated-followup-chrome\test-failed-1.png]]

[[ATTACHMENT|test-results\mbhcompletecase.mbhpages.t-db467-e-surgical-treated-followup-chrome\video.webm]]
]]>
</system-out>
</testcase>
<testcase name="complete surgical not treated no followup" classname="mbhcompletecase.mbhpages.ts" time="90.105">
<properties>
<property name="slow" value="">
</property>
</properties>
<failure message="mbhcompletecase.mbhpages.ts:55:5 complete surgical not treated no followup" type="FAILURE">
<![CDATA[  [chrome] › mbhcompletecase.mbhpages.ts:55:5 › complete surgical not treated no followup ──────────

    Test timeout of 90000ms exceeded.

    attachment #1: screenshot (image/png) ──────────────────────────────────────────────────────────
    test-results\mbhcompletecase.mbhpages.t-cad9a-cal-not-treated-no-followup-chrome\test-failed-1.png
    ────────────────────────────────────────────────────────────────────────────────────────────────

    attachment #2: video (video/webm) ──────────────────────────────────────────────────────────────
    test-results\mbhcompletecase.mbhpages.t-cad9a-cal-not-treated-no-followup-chrome\video.webm
    ────────────────────────────────────────────────────────────────────────────────────────────────
]]>
</failure>
<system-out>
<![CDATA[
[[ATTACHMENT|test-results\mbhcompletecase.mbhpages.t-cad9a-cal-not-treated-no-followup-chrome\test-failed-1.png]]

[[ATTACHMENT|test-results\mbhcompletecase.mbhpages.t-cad9a-cal-not-treated-no-followup-chrome\video.webm]]
]]>
</system-out>
</testcase>
<testcase name="complete surgical not treated followup" classname="mbhcompletecase.mbhpages.ts" time="90.108">
<properties>
<property name="slow" value="">
</property>
</properties>
<failure message="mbhcompletecase.mbhpages.ts:79:5 complete surgical not treated followup" type="FAILURE">
<![CDATA[  [chrome] › mbhcompletecase.mbhpages.ts:79:5 › complete surgical not treated followup ─────────────

    Test timeout of 90000ms exceeded.

    attachment #1: screenshot (image/png) ──────────────────────────────────────────────────────────
    test-results\mbhcompletecase.mbhpages.t-56139-rgical-not-treated-followup-chrome\test-failed-1.png
    ────────────────────────────────────────────────────────────────────────────────────────────────

    attachment #2: video (video/webm) ──────────────────────────────────────────────────────────────
    test-results\mbhcompletecase.mbhpages.t-56139-rgical-not-treated-followup-chrome\video.webm
    ────────────────────────────────────────────────────────────────────────────────────────────────
]]>
</failure>
<system-out>
<![CDATA[
[[ATTACHMENT|test-results\mbhcompletecase.mbhpages.t-56139-rgical-not-treated-followup-chrome\test-failed-1.png]]

[[ATTACHMENT|test-results\mbhcompletecase.mbhpages.t-56139-rgical-not-treated-followup-chrome\video.webm]]
]]>
</system-out>
</testcase>
<testcase name="complete nonsurgical treated no followup" classname="mbhcompletecase.mbhpages.ts" time="90.105">
<properties>
<property name="slow" value="">
</property>
</properties>
<failure message="mbhcompletecase.mbhpages.ts:103:5 complete nonsurgical treated no followup" type="FAILURE">
<![CDATA[  [chrome] › mbhcompletecase.mbhpages.ts:103:5 › complete nonsurgical treated no followup ──────────

    Test timeout of 90000ms exceeded.

    attachment #1: screenshot (image/png) ──────────────────────────────────────────────────────────
    test-results\mbhcompletecase.mbhpages.t-3912c-urgical-treated-no-followup-chrome\test-failed-1.png
    ────────────────────────────────────────────────────────────────────────────────────────────────

    attachment #2: video (video/webm) ──────────────────────────────────────────────────────────────
    test-results\mbhcompletecase.mbhpages.t-3912c-urgical-treated-no-followup-chrome\video.webm
    ────────────────────────────────────────────────────────────────────────────────────────────────
]]>
</failure>
<system-out>
<![CDATA[
[[ATTACHMENT|test-results\mbhcompletecase.mbhpages.t-3912c-urgical-treated-no-followup-chrome\test-failed-1.png]]

[[ATTACHMENT|test-results\mbhcompletecase.mbhpages.t-3912c-urgical-treated-no-followup-chrome\video.webm]]
]]>
</system-out>
</testcase>
<testcase name="complete nonsurgical treated followup" classname="mbhcompletecase.mbhpages.ts" time="95.066">
<properties>
<property name="slow" value="">
</property>
</properties>
<failure message="mbhcompletecase.mbhpages.ts:127:5 complete nonsurgical treated followup" type="FAILURE">
<![CDATA[  [chrome] › mbhcompletecase.mbhpages.ts:127:5 › complete nonsurgical treated followup ─────────────

    Test timeout of 90000ms exceeded.

    Error: locator.click: Test timeout of 90000ms exceeded.
    Call log:
      - waiting for locator('div').filter({ hasText: /^TreatedComplete Case Type \*$/ }).nth(1)


       at classes\worklistPage.ts:720

      718 |     async completeNonSurgicalVisit(completeType,treatment?,untreatedtype?,followup?,freason?,freasonfill?,specialty?,fyear?,fmonth?,fday?){
      719 |         await this.page.getByRole('button', {name: 'Complete Case'}).click();
    > 720 |         await this.page.locator('div').filter({ hasText: /^TreatedComplete Case Type \*$/ }).nth(1).click();
          |                                                                                                     ^
      721 |         await this.page.getByRole('option',{name:completeType,exact:true}).click();
      722 |         /**completeType
      723 |          * Treated

        at WorklistPage.completeNonSurgicalVisit (C:\Users\white\work\mbh-playwright\classes\worklistPage.ts:720:101)
        at C:\Users\white\work\mbh-playwright\mbhcompletecase.mbhpages.ts:145:5

    attachment #1: screenshot (image/png) ──────────────────────────────────────────────────────────
    test-results\mbhcompletecase.mbhpages.t-61354-onsurgical-treated-followup-chrome\test-failed-1.png
    ────────────────────────────────────────────────────────────────────────────────────────────────

    attachment #2: video (video/webm) ──────────────────────────────────────────────────────────────
    test-results\mbhcompletecase.mbhpages.t-61354-onsurgical-treated-followup-chrome\video.webm
    ────────────────────────────────────────────────────────────────────────────────────────────────
]]>
</failure>
<system-out>
<![CDATA[
[[ATTACHMENT|test-results\mbhcompletecase.mbhpages.t-61354-onsurgical-treated-followup-chrome\test-failed-1.png]]

[[ATTACHMENT|test-results\mbhcompletecase.mbhpages.t-61354-onsurgical-treated-followup-chrome\video.webm]]
]]>
</system-out>
</testcase>
<testcase name="complete nonsurgical not treated no followup" classname="mbhcompletecase.mbhpages.ts" time="90.106">
<properties>
<property name="slow" value="">
</property>
</properties>
<failure message="mbhcompletecase.mbhpages.ts:160:5 complete nonsurgical not treated no followup" type="FAILURE">
<![CDATA[  [chrome] › mbhcompletecase.mbhpages.ts:160:5 › complete nonsurgical not treated no followup ──────

    Test timeout of 90000ms exceeded.

    attachment #1: screenshot (image/png) ──────────────────────────────────────────────────────────
    test-results\mbhcompletecase.mbhpages.t-0d1cf-cal-not-treated-no-followup-chrome\test-failed-1.png
    ────────────────────────────────────────────────────────────────────────────────────────────────

    attachment #2: video (video/webm) ──────────────────────────────────────────────────────────────
    test-results\mbhcompletecase.mbhpages.t-0d1cf-cal-not-treated-no-followup-chrome\video.webm
    ────────────────────────────────────────────────────────────────────────────────────────────────
]]>
</failure>
<system-out>
<![CDATA[
[[ATTACHMENT|test-results\mbhcompletecase.mbhpages.t-0d1cf-cal-not-treated-no-followup-chrome\test-failed-1.png]]

[[ATTACHMENT|test-results\mbhcompletecase.mbhpages.t-0d1cf-cal-not-treated-no-followup-chrome\video.webm]]
]]>
</system-out>
</testcase>
<testcase name="complete nonsurgical not treated followup" classname="mbhcompletecase.mbhpages.ts" time="90.104">
<properties>
<property name="slow" value="">
</property>
</properties>
<failure message="mbhcompletecase.mbhpages.ts:184:5 complete nonsurgical not treated followup" type="FAILURE">
<![CDATA[  [chrome] › mbhcompletecase.mbhpages.ts:184:5 › complete nonsurgical not treated followup ─────────

    Test timeout of 90000ms exceeded.

    attachment #1: screenshot (image/png) ──────────────────────────────────────────────────────────
    test-results\mbhcompletecase.mbhpages.t-34029-rgical-not-treated-followup-chrome\test-failed-1.png
    ────────────────────────────────────────────────────────────────────────────────────────────────

    attachment #2: video (video/webm) ──────────────────────────────────────────────────────────────
    test-results\mbhcompletecase.mbhpages.t-34029-rgical-not-treated-followup-chrome\video.webm
    ────────────────────────────────────────────────────────────────────────────────────────────────
]]>
</failure>
<system-out>
<![CDATA[
[[ATTACHMENT|test-results\mbhcompletecase.mbhpages.t-34029-rgical-not-treated-followup-chrome\test-failed-1.png]]

[[ATTACHMENT|test-results\mbhcompletecase.mbhpages.t-34029-rgical-not-treated-followup-chrome\video.webm]]
]]>
</system-out>
</testcase>
<testcase name="test complete visit workflow" classname="mbhcompletecase.mbhpages.ts" time="22.629">
<properties>
<property name="slow" value="">
</property>
</properties>
<system-out>
<![CDATA[
[[ATTACHMENT|test-results\mbhcompletecase.mbhpages.ts-test-complete-visit-workflow-chrome\test-finished-1.png]]

[[ATTACHMENT|test-results\mbhcompletecase.mbhpages.ts-test-complete-visit-workflow-chrome\video.webm]]
]]>
</system-out>
</testcase>
<testcase name="test nonsurgical followup icon" classname="mbhcompletecase.mbhpages.ts" time="95.667">
<properties>
<property name="slow" value="">
</property>
</properties>
<failure message="mbhcompletecase.mbhpages.ts:232:5 test nonsurgical followup icon" type="FAILURE">
<![CDATA[  [chrome] › mbhcompletecase.mbhpages.ts:232:5 › test nonsurgical followup icon ────────────────────

    Test timeout of 90000ms exceeded.

    Error: locator.click: Test timeout of 90000ms exceeded.
    Call log:
      - waiting for locator('div').filter({ hasText: /^TreatedComplete Case Type \*$/ }).nth(1)


       at classes\worklistPage.ts:720

      718 |     async completeNonSurgicalVisit(completeType,treatment?,untreatedtype?,followup?,freason?,freasonfill?,specialty?,fyear?,fmonth?,fday?){
      719 |         await this.page.getByRole('button', {name: 'Complete Case'}).click();
    > 720 |         await this.page.locator('div').filter({ hasText: /^TreatedComplete Case Type \*$/ }).nth(1).click();
          |                                                                                                     ^
      721 |         await this.page.getByRole('option',{name:completeType,exact:true}).click();
      722 |         /**completeType
      723 |          * Treated

        at WorklistPage.completeNonSurgicalVisit (C:\Users\white\work\mbh-playwright\classes\worklistPage.ts:720:101)
        at C:\Users\white\work\mbh-playwright\mbhcompletecase.mbhpages.ts:253:5

    attachment #1: screenshot (image/png) ──────────────────────────────────────────────────────────
    test-results\mbhcompletecase.mbhpages.ts-test-nonsurgical-followup-icon-chrome\test-failed-1.png
    ────────────────────────────────────────────────────────────────────────────────────────────────

    attachment #2: video (video/webm) ──────────────────────────────────────────────────────────────
    test-results\mbhcompletecase.mbhpages.ts-test-nonsurgical-followup-icon-chrome\video.webm
    ────────────────────────────────────────────────────────────────────────────────────────────────
]]>
</failure>
<system-out>
<![CDATA[
[[ATTACHMENT|test-results\mbhcompletecase.mbhpages.ts-test-nonsurgical-followup-icon-chrome\test-failed-1.png]]

[[ATTACHMENT|test-results\mbhcompletecase.mbhpages.ts-test-nonsurgical-followup-icon-chrome\video.webm]]
]]>
</system-out>
</testcase>
</testsuite>
<testsuite name="mbhdashboardgcalc.mbhpages.ts" timestamp="2024-06-14T15:04:44.957Z" hostname="chrome" tests="6" failures="6" skipped="0" time="576.852" errors="0">
<testcase name="ganzoni calc negative kg test" classname="mbhdashboardgcalc.mbhpages.ts" time="96.068">
<properties>
<property name="slow" value="">
</property>
</properties>
<failure message="mbhdashboardgcalc.mbhpages.ts:6:5 ganzoni calc negative kg test" type="FAILURE">
<![CDATA[  [chrome] › mbhdashboardgcalc.mbhpages.ts:6:5 › ganzoni calc negative kg test ─────────────────────

    Test timeout of 90000ms exceeded.

    Error: locator.click: Test timeout of 90000ms exceeded.
    Call log:
      - waiting for getByLabel('Weight *')


       at classes\dashboardPage.ts:199

      197 |             await this.page.locator('#mat-radio-3').click();
      198 |             //enter kg weight
    > 199 |             await this.page.getByLabel('Weight *').click();
          |                                                    ^
      200 |             await this.page.getByLabel('Weight *').fill(weight);
      201 |         }
      202 |         else{

        at DashboardPage.ganzoniCalculator (C:\Users\white\work\mbh-playwright\classes\dashboardPage.ts:199:52)
        at C:\Users\white\work\mbh-playwright\mbhdashboardgcalc.mbhpages.ts:17:5

    attachment #1: screenshot (image/png) ──────────────────────────────────────────────────────────
    test-results\mbhdashboardgcalc.mbhpages.ts-ganzoni-calc-negative-kg-test-chrome\test-failed-1.png
    ────────────────────────────────────────────────────────────────────────────────────────────────

    attachment #2: video (video/webm) ──────────────────────────────────────────────────────────────
    test-results\mbhdashboardgcalc.mbhpages.ts-ganzoni-calc-negative-kg-test-chrome\video.webm
    ────────────────────────────────────────────────────────────────────────────────────────────────
]]>
</failure>
<system-out>
<![CDATA[
[[ATTACHMENT|test-results\mbhdashboardgcalc.mbhpages.ts-ganzoni-calc-negative-kg-test-chrome\test-failed-1.png]]

[[ATTACHMENT|test-results\mbhdashboardgcalc.mbhpages.ts-ganzoni-calc-negative-kg-test-chrome\video.webm]]
]]>
</system-out>
</testcase>
<testcase name="ganzoni calc negative lbs test" classname="mbhdashboardgcalc.mbhpages.ts" time="96.064">
<properties>
<property name="slow" value="">
</property>
</properties>
<failure message="mbhdashboardgcalc.mbhpages.ts:21:5 ganzoni calc negative lbs test" type="FAILURE">
<![CDATA[  [chrome] › mbhdashboardgcalc.mbhpages.ts:21:5 › ganzoni calc negative lbs test ───────────────────

    Test timeout of 90000ms exceeded.

    Error: locator.click: Test timeout of 90000ms exceeded.
    Call log:
      - waiting for getByLabel('Weight *')


       at classes\dashboardPage.ts:204

      202 |         else{
      203 |             //enter lbs weight
    > 204 |             await this.page.getByLabel('Weight *').click();
          |                                                    ^
      205 |             await this.page.getByLabel('Weight *').fill(weight);
      206 |         }
      207 |         //enter current hgb

        at DashboardPage.ganzoniCalculator (C:\Users\white\work\mbh-playwright\classes\dashboardPage.ts:204:52)
        at C:\Users\white\work\mbh-playwright\mbhdashboardgcalc.mbhpages.ts:32:5

    attachment #1: screenshot (image/png) ──────────────────────────────────────────────────────────
    test-results\mbhdashboardgcalc.mbhpages.ts-ganzoni-calc-negative-lbs-test-chrome\test-failed-1.png
    ────────────────────────────────────────────────────────────────────────────────────────────────

    attachment #2: video (video/webm) ──────────────────────────────────────────────────────────────
    test-results\mbhdashboardgcalc.mbhpages.ts-ganzoni-calc-negative-lbs-test-chrome\video.webm
    ────────────────────────────────────────────────────────────────────────────────────────────────
]]>
</failure>
<system-out>
<![CDATA[
[[ATTACHMENT|test-results\mbhdashboardgcalc.mbhpages.ts-ganzoni-calc-negative-lbs-test-chrome\test-failed-1.png]]

[[ATTACHMENT|test-results\mbhdashboardgcalc.mbhpages.ts-ganzoni-calc-negative-lbs-test-chrome\video.webm]]
]]>
</system-out>
</testcase>
<testcase name="ganzoni calc decimal kg test" classname="mbhdashboardgcalc.mbhpages.ts" time="95.989">
<properties>
<property name="slow" value="">
</property>
</properties>
<failure message="mbhdashboardgcalc.mbhpages.ts:35:5 ganzoni calc decimal kg test" type="FAILURE">
<![CDATA[  [chrome] › mbhdashboardgcalc.mbhpages.ts:35:5 › ganzoni calc decimal kg test ─────────────────────

    Test timeout of 90000ms exceeded.

    Error: locator.click: Test timeout of 90000ms exceeded.
    Call log:
      - waiting for getByLabel('Weight *')


       at classes\dashboardPage.ts:199

      197 |             await this.page.locator('#mat-radio-3').click();
      198 |             //enter kg weight
    > 199 |             await this.page.getByLabel('Weight *').click();
          |                                                    ^
      200 |             await this.page.getByLabel('Weight *').fill(weight);
      201 |         }
      202 |         else{

        at DashboardPage.ganzoniCalculator (C:\Users\white\work\mbh-playwright\classes\dashboardPage.ts:199:52)
        at C:\Users\white\work\mbh-playwright\mbhdashboardgcalc.mbhpages.ts:46:5

    attachment #1: screenshot (image/png) ──────────────────────────────────────────────────────────
    test-results\mbhdashboardgcalc.mbhpages.ts-ganzoni-calc-decimal-kg-test-chrome\test-failed-1.png
    ────────────────────────────────────────────────────────────────────────────────────────────────

    attachment #2: video (video/webm) ──────────────────────────────────────────────────────────────
    test-results\mbhdashboardgcalc.mbhpages.ts-ganzoni-calc-decimal-kg-test-chrome\video.webm
    ────────────────────────────────────────────────────────────────────────────────────────────────
]]>
</failure>
<system-out>
<![CDATA[
[[ATTACHMENT|test-results\mbhdashboardgcalc.mbhpages.ts-ganzoni-calc-decimal-kg-test-chrome\test-failed-1.png]]

[[ATTACHMENT|test-results\mbhdashboardgcalc.mbhpages.ts-ganzoni-calc-decimal-kg-test-chrome\video.webm]]
]]>
</system-out>
</testcase>
<testcase name="ganzoni calc decimal lbs test" classname="mbhdashboardgcalc.mbhpages.ts" time="96.226">
<properties>
<property name="slow" value="">
</property>
</properties>
<failure message="mbhdashboardgcalc.mbhpages.ts:49:5 ganzoni calc decimal lbs test" type="FAILURE">
<![CDATA[  [chrome] › mbhdashboardgcalc.mbhpages.ts:49:5 › ganzoni calc decimal lbs test ────────────────────

    Test timeout of 90000ms exceeded.

    Error: locator.click: Test timeout of 90000ms exceeded.
    Call log:
      - waiting for getByLabel('Weight *')


       at classes\dashboardPage.ts:204

      202 |         else{
      203 |             //enter lbs weight
    > 204 |             await this.page.getByLabel('Weight *').click();
          |                                                    ^
      205 |             await this.page.getByLabel('Weight *').fill(weight);
      206 |         }
      207 |         //enter current hgb

        at DashboardPage.ganzoniCalculator (C:\Users\white\work\mbh-playwright\classes\dashboardPage.ts:204:52)
        at C:\Users\white\work\mbh-playwright\mbhdashboardgcalc.mbhpages.ts:60:5

    attachment #1: screenshot (image/png) ──────────────────────────────────────────────────────────
    test-results\mbhdashboardgcalc.mbhpages.ts-ganzoni-calc-decimal-lbs-test-chrome\test-failed-1.png
    ────────────────────────────────────────────────────────────────────────────────────────────────

    attachment #2: video (video/webm) ──────────────────────────────────────────────────────────────
    test-results\mbhdashboardgcalc.mbhpages.ts-ganzoni-calc-decimal-lbs-test-chrome\video.webm
    ────────────────────────────────────────────────────────────────────────────────────────────────
]]>
</failure>
<system-out>
<![CDATA[
[[ATTACHMENT|test-results\mbhdashboardgcalc.mbhpages.ts-ganzoni-calc-decimal-lbs-test-chrome\test-failed-1.png]]

[[ATTACHMENT|test-results\mbhdashboardgcalc.mbhpages.ts-ganzoni-calc-decimal-lbs-test-chrome\video.webm]]
]]>
</system-out>
</testcase>
<testcase name="ganzoni calc higher current hgb for kg test" classname="mbhdashboardgcalc.mbhpages.ts" time="96.229">
<properties>
<property name="slow" value="">
</property>
</properties>
<failure message="mbhdashboardgcalc.mbhpages.ts:63:5 ganzoni calc higher current hgb for kg test" type="FAILURE">
<![CDATA[  [chrome] › mbhdashboardgcalc.mbhpages.ts:63:5 › ganzoni calc higher current hgb for kg test ──────

    Test timeout of 90000ms exceeded.

    Error: locator.click: Test timeout of 90000ms exceeded.
    Call log:
      - waiting for getByLabel('Weight *')


       at classes\dashboardPage.ts:199

      197 |             await this.page.locator('#mat-radio-3').click();
      198 |             //enter kg weight
    > 199 |             await this.page.getByLabel('Weight *').click();
          |                                                    ^
      200 |             await this.page.getByLabel('Weight *').fill(weight);
      201 |         }
      202 |         else{

        at DashboardPage.ganzoniCalculator (C:\Users\white\work\mbh-playwright\classes\dashboardPage.ts:199:52)
        at C:\Users\white\work\mbh-playwright\mbhdashboardgcalc.mbhpages.ts:74:5

    attachment #1: screenshot (image/png) ──────────────────────────────────────────────────────────
    test-results\mbhdashboardgcalc.mbhpages-dc386-her-current-hgb-for-kg-test-chrome\test-failed-1.png
    ────────────────────────────────────────────────────────────────────────────────────────────────

    attachment #2: video (video/webm) ──────────────────────────────────────────────────────────────
    test-results\mbhdashboardgcalc.mbhpages-dc386-her-current-hgb-for-kg-test-chrome\video.webm
    ────────────────────────────────────────────────────────────────────────────────────────────────
]]>
</failure>
<system-out>
<![CDATA[
[[ATTACHMENT|test-results\mbhdashboardgcalc.mbhpages-dc386-her-current-hgb-for-kg-test-chrome\test-failed-1.png]]

[[ATTACHMENT|test-results\mbhdashboardgcalc.mbhpages-dc386-her-current-hgb-for-kg-test-chrome\video.webm]]
]]>
</system-out>
</testcase>
<testcase name="ganzoni calc higher current hgb for lbs test" classname="mbhdashboardgcalc.mbhpages.ts" time="96.276">
<properties>
<property name="slow" value="">
</property>
</properties>
<failure message="mbhdashboardgcalc.mbhpages.ts:77:5 ganzoni calc higher current hgb for lbs test" type="FAILURE">
<![CDATA[  [chrome] › mbhdashboardgcalc.mbhpages.ts:77:5 › ganzoni calc higher current hgb for lbs test ─────

    Test timeout of 90000ms exceeded.

    Error: locator.click: Test timeout of 90000ms exceeded.
    Call log:
      - waiting for getByLabel('Weight *')


       at classes\dashboardPage.ts:204

      202 |         else{
      203 |             //enter lbs weight
    > 204 |             await this.page.getByLabel('Weight *').click();
          |                                                    ^
      205 |             await this.page.getByLabel('Weight *').fill(weight);
      206 |         }
      207 |         //enter current hgb

        at DashboardPage.ganzoniCalculator (C:\Users\white\work\mbh-playwright\classes\dashboardPage.ts:204:52)
        at C:\Users\white\work\mbh-playwright\mbhdashboardgcalc.mbhpages.ts:88:5

    attachment #1: screenshot (image/png) ──────────────────────────────────────────────────────────
    test-results\mbhdashboardgcalc.mbhpages-2a219-er-current-hgb-for-lbs-test-chrome\test-failed-1.png
    ────────────────────────────────────────────────────────────────────────────────────────────────

    attachment #2: video (video/webm) ──────────────────────────────────────────────────────────────
    test-results\mbhdashboardgcalc.mbhpages-2a219-er-current-hgb-for-lbs-test-chrome\video.webm
    ────────────────────────────────────────────────────────────────────────────────────────────────
]]>
</failure>
<system-out>
<![CDATA[
[[ATTACHMENT|test-results\mbhdashboardgcalc.mbhpages-2a219-er-current-hgb-for-lbs-test-chrome\test-failed-1.png]]

[[ATTACHMENT|test-results\mbhdashboardgcalc.mbhpages-2a219-er-current-hgb-for-lbs-test-chrome\video.webm]]
]]>
</system-out>
</testcase>
</testsuite>
<testsuite name="mbhdocumentpreview.mbhpages.ts" timestamp="2024-06-14T15:04:44.957Z" hostname="chrome" tests="1" failures="1" skipped="0" time="96.539" errors="0">
<testcase name="document preview" classname="mbhdocumentpreview.mbhpages.ts" time="96.539">
<properties>
<property name="slow" value="">
</property>
</properties>
<failure message="mbhdocumentpreview.mbhpages.ts:7:5 document preview" type="FAILURE">
<![CDATA[  [chrome] › mbhdocumentpreview.mbhpages.ts:7:5 › document preview ─────────────────────────────────

    Test timeout of 90000ms exceeded.

    Error: locator.focus: Test timeout of 90000ms exceeded.
    Call log:
      - waiting for getByText('Sam Smyth', { exact: true }).first()


       at classes\worklistPage.ts:190

      188 |     // select patient visit from worklist
      189 |     async selectPatientfromSearch(patient){
    > 190 |         await this.page.getByText(patient,{exact:true}).first().focus();
          |                                                                 ^
      191 |         await this.page.getByText(patient,{exact:true}).first().click();
      192 |     }
      193 |     async backarrow(){

        at WorklistPage.selectPatientfromSearch (C:\Users\white\work\mbh-playwright\classes\worklistPage.ts:190:65)
        at C:\Users\white\work\mbh-playwright\mbhdocumentpreview.mbhpages.ts:22:20

    attachment #1: screenshot (image/png) ──────────────────────────────────────────────────────────
    test-results\mbhdocumentpreview.mbhpages.ts-document-preview-chrome\test-failed-1.png
    ────────────────────────────────────────────────────────────────────────────────────────────────

    attachment #2: video (video/webm) ──────────────────────────────────────────────────────────────
    test-results\mbhdocumentpreview.mbhpages.ts-document-preview-chrome\video.webm
    ────────────────────────────────────────────────────────────────────────────────────────────────
]]>
</failure>
<system-out>
<![CDATA[
[[ATTACHMENT|test-results\mbhdocumentpreview.mbhpages.ts-document-preview-chrome\test-failed-1.png]]

[[ATTACHMENT|test-results\mbhdocumentpreview.mbhpages.ts-document-preview-chrome\video.webm]]
]]>
</system-out>
</testcase>
</testsuite>
<testsuite name="mbhdocuments.mbhpages.ts" timestamp="2024-06-14T15:04:44.957Z" hostname="chrome" tests="3" failures="3" skipped="0" time="208.468" errors="0">
<testcase name="upload document" classname="mbhdocuments.mbhpages.ts" time="95.787">
<properties>
<property name="slow" value="">
</property>
</properties>
<failure message="mbhdocuments.mbhpages.ts:7:5 upload document" type="FAILURE">
<![CDATA[  [chrome] › mbhdocuments.mbhpages.ts:7:5 › upload document ────────────────────────────────────────

    Test timeout of 90000ms exceeded.

    Error: locator.click: Test timeout of 90000ms exceeded.
    Call log:
      - waiting for getByLabel('Document Name *')


       at classes\documentsPage.ts:180

      178 |       async newStaticDoc(docname,desc,doctype,casetype,docstat){
      179 |         //document name (fillable)
    > 180 |         await this.page.getByLabel('Document Name *').click();
          |                                                       ^
      181 |         await this.page.getByLabel('Document Name *').fill(docname);
      182 |         //document description (fillable)
      183 |         await this.page.getByLabel('Description *').click();

        at DocumentsPage.newStaticDoc (C:\Users\white\work\mbh-playwright\classes\documentsPage.ts:180:55)
        at C:\Users\white\work\mbh-playwright\mbhdocuments.mbhpages.ts:22:20

    attachment #1: screenshot (image/png) ──────────────────────────────────────────────────────────
    test-results\mbhdocuments.mbhpages.ts-upload-document-chrome\test-failed-1.png
    ────────────────────────────────────────────────────────────────────────────────────────────────

    attachment #2: video (video/webm) ──────────────────────────────────────────────────────────────
    test-results\mbhdocuments.mbhpages.ts-upload-document-chrome\video.webm
    ────────────────────────────────────────────────────────────────────────────────────────────────
]]>
</failure>
<system-out>
<![CDATA[
[[ATTACHMENT|test-results\mbhdocuments.mbhpages.ts-upload-document-chrome\test-failed-1.png]]

[[ATTACHMENT|test-results\mbhdocuments.mbhpages.ts-upload-document-chrome\video.webm]]
]]>
</system-out>
</testcase>
<testcase name="preview document" classname="mbhdocuments.mbhpages.ts" time="16.352">
<properties>
<property name="slow" value="">
</property>
</properties>
<failure message="mbhdocuments.mbhpages.ts:26:5 preview document" type="FAILURE">
<![CDATA[  [chrome] › mbhdocuments.mbhpages.ts:26:5 › preview document ──────────────────────────────────────

    Error: locator.click: Error: strict mode violation: getByText('Playwright Test Document', { exact: true }) resolved to 5 elements:
        1) <div class="cellText ng-star-inserted">Playwright Test Document</div> aka getByRole('link', { name: 'Playwright Test Document' }).first()
        2) <div class="cellText ng-star-inserted">Playwright Test Document</div> aka getByRole('link', { name: 'Playwright Test Document' }).nth(1)
        3) <div class="cellText ng-star-inserted">Playwright Test Document</div> aka getByRole('link', { name: 'Playwright Test Document' }).nth(2)
        4) <div class="cellText ng-star-inserted">Playwright Test Document</div> aka getByRole('link', { name: 'Playwright Test Document' }).nth(3)
        5) <div class="cellText ng-star-inserted">Playwright Test Document</div> aka getByRole('link', { name: 'Playwright Test Document' }).nth(4)

    Call log:
      - waiting for getByText('Playwright Test Document', { exact: true })


       at classes\documentsPage.ts:56

      54 |     //document name (clickable)
      55 |     async selectDocFromList(docname){
    > 56 |         await this.page.getByText(docname,{exact:true}).click();
         |                                                         ^
      57 |     }
      58 |      //preview button
      59 |      async previewdoc(){

        at DocumentsPage.selectDocFromList (C:\Users\white\work\mbh-playwright\classes\documentsPage.ts:56:57)
        at C:\Users\white\work\mbh-playwright\mbhdocuments.mbhpages.ts:41:20

    attachment #1: screenshot (image/png) ──────────────────────────────────────────────────────────
    test-results\mbhdocuments.mbhpages.ts-preview-document-chrome\test-failed-1.png
    ────────────────────────────────────────────────────────────────────────────────────────────────

    attachment #2: video (video/webm) ──────────────────────────────────────────────────────────────
    test-results\mbhdocuments.mbhpages.ts-preview-document-chrome\video.webm
    ────────────────────────────────────────────────────────────────────────────────────────────────
]]>
</failure>
<system-out>
<![CDATA[
[[ATTACHMENT|test-results\mbhdocuments.mbhpages.ts-preview-document-chrome\test-failed-1.png]]

[[ATTACHMENT|test-results\mbhdocuments.mbhpages.ts-preview-document-chrome\video.webm]]
]]>
</system-out>
</testcase>
<testcase name="add/edit/delete document" classname="mbhdocuments.mbhpages.ts" time="96.329">
<properties>
<property name="slow" value="">
</property>
</properties>
<failure message="mbhdocuments.mbhpages.ts:45:5 add/edit/delete document" type="FAILURE">
<![CDATA[  [chrome] › mbhdocuments.mbhpages.ts:45:5 › add/edit/delete document ──────────────────────────────

    Test timeout of 90000ms exceeded.

    Error: locator.click: Test timeout of 90000ms exceeded.
    Call log:
      - waiting for getByLabel('Document Name *')


       at classes\documentsPage.ts:69

      67 |     async addEditDoc(docname,desc,doctype,casetype,docstat){
      68 |         //document name (fillable)
    > 69 |         await this.page.getByLabel('Document Name *').click();
         |                                                       ^
      70 |         await this.page.getByLabel('Document Name *').fill(docname);
      71 |         //document description (fillable)
      72 |         await this.page.getByLabel('Description *').click();

        at DocumentsPage.addEditDoc (C:\Users\white\work\mbh-playwright\classes\documentsPage.ts:69:55)
        at C:\Users\white\work\mbh-playwright\mbhdocuments.mbhpages.ts:62:20

    attachment #1: screenshot (image/png) ──────────────────────────────────────────────────────────
    test-results\mbhdocuments.mbhpages.ts-add-edit-delete-document-chrome\test-failed-1.png
    ────────────────────────────────────────────────────────────────────────────────────────────────

    attachment #2: video (video/webm) ──────────────────────────────────────────────────────────────
    test-results\mbhdocuments.mbhpages.ts-add-edit-delete-document-chrome\video.webm
    ────────────────────────────────────────────────────────────────────────────────────────────────
]]>
</failure>
<system-out>
<![CDATA[
[[ATTACHMENT|test-results\mbhdocuments.mbhpages.ts-add-edit-delete-document-chrome\test-failed-1.png]]

[[ATTACHMENT|test-results\mbhdocuments.mbhpages.ts-add-edit-delete-document-chrome\video.webm]]
]]>
</system-out>
</testcase>
</testsuite>
<testsuite name="mbheditexistingnonsurgical.mbhpages.ts" timestamp="2024-06-14T15:04:44.957Z" hostname="chrome" tests="1" failures="1" skipped="0" time="95.386" errors="0">
<testcase name="edit existing non surgical" classname="mbheditexistingnonsurgical.mbhpages.ts" time="95.386">
<properties>
<property name="slow" value="">
</property>
</properties>
<failure message="mbheditexistingnonsurgical.mbhpages.ts:7:5 edit existing non surgical" type="FAILURE">
<![CDATA[  [chrome] › mbheditexistingnonsurgical.mbhpages.ts:7:5 › edit existing non surgical ───────────────

    Test timeout of 90000ms exceeded.

    Error: locator.click: Test timeout of 90000ms exceeded.
    Call log:
      - waiting for locator('#mat-checkbox-6 > .mat-checkbox-layout > .mat-checkbox-inner-container')


       at classes\worklistPage.ts:560

      558 |          //*Existing */
      559 |          //select the existing check box
    > 560 |          await this.page.locator('#mat-checkbox-6 > .mat-checkbox-layout > .mat-checkbox-inner-container').click();
          |                                                                                                            ^
      561 |          //search field for patient or mrn
      562 |          await this.page.getByLabel('Patient / MRN').click();
      563 |          await this.page.getByRole('combobox', { name: 'Patient / MRN' }).fill(mrn);

        at WorklistPage.scheduleChronicVisit (C:\Users\white\work\mbh-playwright\classes\worklistPage.ts:560:108)
        at C:\Users\white\work\mbh-playwright\mbheditexistingnonsurgical.mbhpages.ts:22:5

    attachment #1: screenshot (image/png) ──────────────────────────────────────────────────────────
    test-results\mbheditexistingnonsurgical-38661--edit-existing-non-surgical-chrome\test-failed-1.png
    ────────────────────────────────────────────────────────────────────────────────────────────────

    attachment #2: video (video/webm) ──────────────────────────────────────────────────────────────
    test-results\mbheditexistingnonsurgical-38661--edit-existing-non-surgical-chrome\video.webm
    ────────────────────────────────────────────────────────────────────────────────────────────────
]]>
</failure>
<system-out>
<![CDATA[
[[ATTACHMENT|test-results\mbheditexistingnonsurgical-38661--edit-existing-non-surgical-chrome\test-failed-1.png]]

[[ATTACHMENT|test-results\mbheditexistingnonsurgical-38661--edit-existing-non-surgical-chrome\video.webm]]
]]>
</system-out>
</testcase>
</testsuite>
<testsuite name="mbheditexistingsurgical.mbhpages.ts" timestamp="2024-06-14T15:04:44.957Z" hostname="chrome" tests="1" failures="1" skipped="0" time="95.411" errors="0">
<testcase name="edit existing surgical" classname="mbheditexistingsurgical.mbhpages.ts" time="95.411">
<properties>
<property name="slow" value="">
</property>
</properties>
<failure message="mbheditexistingsurgical.mbhpages.ts:7:5 edit existing surgical" type="FAILURE">
<![CDATA[  [chrome] › mbheditexistingsurgical.mbhpages.ts:7:5 › edit existing surgical ──────────────────────

    Test timeout of 90000ms exceeded.

    Error: locator.click: Test timeout of 90000ms exceeded.
    Call log:
      - waiting for locator('#mat-checkbox-6 > .mat-checkbox-layout > .mat-checkbox-inner-container')


       at classes\worklistPage.ts:335

      333 |          //*Existing */
      334 |          //select the existing check box
    > 335 |          await this.page.locator('#mat-checkbox-6 > .mat-checkbox-layout > .mat-checkbox-inner-container').click();
          |                                                                                                            ^
      336 |          //search field for patient or mrn
      337 |          await this.page.getByLabel('Patient / MRN').click();
      338 |          await this.page.getByRole('combobox', { name: 'Patient / MRN' }).fill(mrn);

        at WorklistPage.scheduleSurgicalVisit (C:\Users\white\work\mbh-playwright\classes\worklistPage.ts:335:108)
        at C:\Users\white\work\mbh-playwright\mbheditexistingsurgical.mbhpages.ts:22:5

    attachment #1: screenshot (image/png) ──────────────────────────────────────────────────────────
    test-results\mbheditexistingsurgical.mbhpages.ts-edit-existing-surgical-chrome\test-failed-1.png
    ────────────────────────────────────────────────────────────────────────────────────────────────

    attachment #2: video (video/webm) ──────────────────────────────────────────────────────────────
    test-results\mbheditexistingsurgical.mbhpages.ts-edit-existing-surgical-chrome\video.webm
    ────────────────────────────────────────────────────────────────────────────────────────────────
]]>
</failure>
<system-out>
<![CDATA[
[[ATTACHMENT|test-results\mbheditexistingsurgical.mbhpages.ts-edit-existing-surgical-chrome\test-failed-1.png]]

[[ATTACHMENT|test-results\mbheditexistingsurgical.mbhpages.ts-edit-existing-surgical-chrome\video.webm]]
]]>
</system-out>
</testcase>
</testsuite>
<testsuite name="mbheditpatienthw.mbhpages.ts" timestamp="2024-06-14T15:04:44.957Z" hostname="chrome" tests="2" failures="2" skipped="0" time="191.957" errors="0">
<testcase name="edit patient height and weight" classname="mbheditpatienthw.mbhpages.ts" time="95.712">
<properties>
<property name="slow" value="">
</property>
</properties>
<failure message="mbheditpatienthw.mbhpages.ts:7:5 edit patient height and weight" type="FAILURE">
<![CDATA[  [chrome] › mbheditpatienthw.mbhpages.ts:7:5 › edit patient height and weight ─────────────────────

    Test timeout of 90000ms exceeded.

    Error: locator.click: Test timeout of 90000ms exceeded.
    Call log:
      - waiting for getByLabel('Change Description *')


       at classes\worklistPage.ts:826

      824 |         await this.page.getByRole('button',{name:'Edit Patient'}).click();
      825 |          //change description note box
    > 826 |         await this.page.getByLabel('Change Description *').click();
          |                                                            ^
      827 |         await this.page.getByLabel('Change Description *').fill(changeDesc)
      828 |     }
      829 |     //edit patient information

        at WorklistPage.editPatientDetails (C:\Users\white\work\mbh-playwright\classes\worklistPage.ts:826:60)
        at C:\Users\white\work\mbh-playwright\mbheditpatienthw.mbhpages.ts:24:5

    attachment #1: screenshot (image/png) ──────────────────────────────────────────────────────────
    test-results\mbheditpatienthw.mbhpages.ts-edit-patient-height-and-weight-chrome\test-failed-1.png
    ────────────────────────────────────────────────────────────────────────────────────────────────

    attachment #2: video (video/webm) ──────────────────────────────────────────────────────────────
    test-results\mbheditpatienthw.mbhpages.ts-edit-patient-height-and-weight-chrome\video.webm
    ────────────────────────────────────────────────────────────────────────────────────────────────
]]>
</failure>
<system-out>
<![CDATA[
[[ATTACHMENT|test-results\mbheditpatienthw.mbhpages.ts-edit-patient-height-and-weight-chrome\test-failed-1.png]]

[[ATTACHMENT|test-results\mbheditpatienthw.mbhpages.ts-edit-patient-height-and-weight-chrome\video.webm]]
]]>
</system-out>
</testcase>
<testcase name="edit toggles" classname="mbheditpatienthw.mbhpages.ts" time="96.245">
<properties>
<property name="slow" value="">
</property>
</properties>
<failure message="mbheditpatienthw.mbhpages.ts:36:5 edit toggles" type="FAILURE">
<![CDATA[  [chrome] › mbheditpatienthw.mbhpages.ts:36:5 › edit toggles ──────────────────────────────────────

    Test timeout of 90000ms exceeded.

    Error: locator.click: Test timeout of 90000ms exceeded.
    Call log:
      - waiting for locator('id=mat-slide-toggle-1')


       at classes\worklistPage.ts:856

      854 |     //Invasive Treatment Toggle
      855 |     async invasiveToggle(){
    > 856 |         await this.page.locator('id=mat-slide-toggle-1').click()
          |                                                          ^
      857 |         await this.page.getByTitle('Invasive').screenshot({path:'invasive.png'});
      858 |     }
      859 |

        at WorklistPage.invasiveToggle (C:\Users\white\work\mbh-playwright\classes\worklistPage.ts:856:58)
        at C:\Users\white\work\mbh-playwright\mbheditpatienthw.mbhpages.ts:53:20

    attachment #1: screenshot (image/png) ──────────────────────────────────────────────────────────
    test-results\mbheditpatienthw.mbhpages.ts-edit-toggles-chrome\test-failed-1.png
    ────────────────────────────────────────────────────────────────────────────────────────────────

    attachment #2: video (video/webm) ──────────────────────────────────────────────────────────────
    test-results\mbheditpatienthw.mbhpages.ts-edit-toggles-chrome\video.webm
    ────────────────────────────────────────────────────────────────────────────────────────────────
]]>
</failure>
<system-out>
<![CDATA[
[[ATTACHMENT|test-results\mbheditpatienthw.mbhpages.ts-edit-toggles-chrome\test-failed-1.png]]

[[ATTACHMENT|test-results\mbheditpatienthw.mbhpages.ts-edit-toggles-chrome\video.webm]]
]]>
</system-out>
</testcase>
</testsuite>
<testsuite name="mbheditpatientnonsurgical.mbhpages.ts" timestamp="2024-06-14T15:04:44.957Z" hostname="chrome" tests="1" failures="1" skipped="0" time="95.728" errors="0">
<testcase name="edit patient non surgical" classname="mbheditpatientnonsurgical.mbhpages.ts" time="95.728">
<properties>
<property name="slow" value="">
</property>
</properties>
<failure message="mbheditpatientnonsurgical.mbhpages.ts:7:5 edit patient non surgical" type="FAILURE">
<![CDATA[  [chrome] › mbheditpatientnonsurgical.mbhpages.ts:7:5 › edit patient non surgical ─────────────────

    Test timeout of 90000ms exceeded.

    Error: locator.click: Test timeout of 90000ms exceeded.
    Call log:
      - waiting for getByLabel('Change Description *')


       at classes\worklistPage.ts:826

      824 |         await this.page.getByRole('button',{name:'Edit Patient'}).click();
      825 |          //change description note box
    > 826 |         await this.page.getByLabel('Change Description *').click();
          |                                                            ^
      827 |         await this.page.getByLabel('Change Description *').fill(changeDesc)
      828 |     }
      829 |     //edit patient information

        at WorklistPage.editPatientDetails (C:\Users\white\work\mbh-playwright\classes\worklistPage.ts:826:60)
        at C:\Users\white\work\mbh-playwright\mbheditpatientnonsurgical.mbhpages.ts:24:5

    attachment #1: screenshot (image/png) ──────────────────────────────────────────────────────────
    test-results\mbheditpatientnonsurgical.-cbd5b-s-edit-patient-non-surgical-chrome\test-failed-1.png
    ────────────────────────────────────────────────────────────────────────────────────────────────

    attachment #2: video (video/webm) ──────────────────────────────────────────────────────────────
    test-results\mbheditpatientnonsurgical.-cbd5b-s-edit-patient-non-surgical-chrome\video.webm
    ────────────────────────────────────────────────────────────────────────────────────────────────
]]>
</failure>
<system-out>
<![CDATA[
[[ATTACHMENT|test-results\mbheditpatientnonsurgical.-cbd5b-s-edit-patient-non-surgical-chrome\test-failed-1.png]]

[[ATTACHMENT|test-results\mbheditpatientnonsurgical.-cbd5b-s-edit-patient-non-surgical-chrome\video.webm]]
]]>
</system-out>
</testcase>
</testsuite>
<testsuite name="mbheditpatientsurgical.mbhpages.ts" timestamp="2024-06-14T15:04:44.957Z" hostname="chrome" tests="3" failures="2" skipped="0" time="242.056" errors="0">
<testcase name="edit patient surgical" classname="mbheditpatientsurgical.mbhpages.ts" time="95.806">
<properties>
<property name="slow" value="">
</property>
</properties>
<failure message="mbheditpatientsurgical.mbhpages.ts:8:5 edit patient surgical" type="FAILURE">
<![CDATA[  [chrome] › mbheditpatientsurgical.mbhpages.ts:8:5 › edit patient surgical ────────────────────────

    Test timeout of 90000ms exceeded.

    Error: locator.click: Test timeout of 90000ms exceeded.
    Call log:
      - waiting for getByLabel('Change Description *')


       at classes\worklistPage.ts:826

      824 |         await this.page.getByRole('button',{name:'Edit Patient'}).click();
      825 |          //change description note box
    > 826 |         await this.page.getByLabel('Change Description *').click();
          |                                                            ^
      827 |         await this.page.getByLabel('Change Description *').fill(changeDesc)
      828 |     }
      829 |     //edit patient information

        at WorklistPage.editPatientDetails (C:\Users\white\work\mbh-playwright\classes\worklistPage.ts:826:60)
        at C:\Users\white\work\mbh-playwright\mbheditpatientsurgical.mbhpages.ts:25:5

    attachment #1: screenshot (image/png) ──────────────────────────────────────────────────────────
    test-results\mbheditpatientsurgical.mbhpages.ts-edit-patient-surgical-chrome\test-failed-1.png
    ────────────────────────────────────────────────────────────────────────────────────────────────

    attachment #2: video (video/webm) ──────────────────────────────────────────────────────────────
    test-results\mbheditpatientsurgical.mbhpages.ts-edit-patient-surgical-chrome\video.webm
    ────────────────────────────────────────────────────────────────────────────────────────────────
]]>
</failure>
<system-out>
<![CDATA[
[[ATTACHMENT|test-results\mbheditpatientsurgical.mbhpages.ts-edit-patient-surgical-chrome\test-failed-1.png]]

[[ATTACHMENT|test-results\mbheditpatientsurgical.mbhpages.ts-edit-patient-surgical-chrome\video.webm]]
]]>
</system-out>
</testcase>
<testcase name="verify latest labs" classname="mbheditpatientsurgical.mbhpages.ts" time="18.823">
<properties>
<property name="slow" value="">
</property>
</properties>
<system-out>
<![CDATA[
[[ATTACHMENT|test-results\mbheditpatientsurgical.mbhpages.ts-verify-latest-labs-chrome\test-finished-1.png]]

[[ATTACHMENT|test-results\mbheditpatientsurgical.mbhpages.ts-verify-latest-labs-chrome\video.webm]]
]]>
</system-out>
</testcase>
<testcase name="verify latest labs after add" classname="mbheditpatientsurgical.mbhpages.ts" time="127.427">
<properties>
<property name="slow" value="">
</property>
</properties>
<failure message="mbheditpatientsurgical.mbhpages.ts:55:5 verify latest labs after add" type="FAILURE">
<![CDATA[  [chrome] › mbheditpatientsurgical.mbhpages.ts:55:5 › verify latest labs after add ────────────────

    Test timeout of 120000ms exceeded.

    Error: locator.click: Test timeout of 120000ms exceeded.
    Call log:
      - waiting for locator('.mat-checkbox-inner-container').first()


       at classes\worklistPage.ts:245

      243 |          //*New */
      244 |          //select the new check box
    > 245 |          await this.page.locator('.mat-checkbox-inner-container').first().click();
          |                                                                           ^
      246 |          //first name
      247 |          await this.page.getByLabel('First Name *').click();
      248 |          await this.page.getByLabel('First Name *').fill(fname);

        at WorklistPage.scheduleSurgicalVisit (C:\Users\white\work\mbh-playwright\classes\worklistPage.ts:245:75)
        at C:\Users\white\work\mbh-playwright\mbheditpatientsurgical.mbhpages.ts:71:5

    attachment #1: screenshot (image/png) ──────────────────────────────────────────────────────────
    test-results\mbheditpatientsurgical.mbh-5d554-erify-latest-labs-after-add-chrome\test-failed-1.png
    ────────────────────────────────────────────────────────────────────────────────────────────────

    attachment #2: video (video/webm) ──────────────────────────────────────────────────────────────
    test-results\mbheditpatientsurgical.mbh-5d554-erify-latest-labs-after-add-chrome\video.webm
    ────────────────────────────────────────────────────────────────────────────────────────────────
]]>
</failure>
<system-out>
<![CDATA[
[[ATTACHMENT|test-results\mbheditpatientsurgical.mbh-5d554-erify-latest-labs-after-add-chrome\test-failed-1.png]]

[[ATTACHMENT|test-results\mbheditpatientsurgical.mbh-5d554-erify-latest-labs-after-add-chrome\video.webm]]
]]>
</system-out>
</testcase>
</testsuite>
<testsuite name="mbheditprovidersNPI.mbhpages.ts" timestamp="2024-06-14T15:04:44.957Z" hostname="chrome" tests="1" failures="1" skipped="0" time="96.411" errors="0">
<testcase name="edit provider NPI" classname="mbheditprovidersNPI.mbhpages.ts" time="96.411">
<properties>
<property name="slow" value="">
</property>
</properties>
<failure message="mbheditprovidersNPI.mbhpages.ts:7:5 edit provider NPI" type="FAILURE">
<![CDATA[  [chrome] › mbheditprovidersNPI.mbhpages.ts:7:5 › edit provider NPI ───────────────────────────────

    Test timeout of 90000ms exceeded.

    Error: locator.click: Test timeout of 90000ms exceeded.
    Call log:
      - waiting for getByLabel('NPI *')


       at classes\providersPage.ts:106

      104 |     //edit provider's NPI
      105 |     async editProviderNPI(npi){
    > 106 |         await this.page.getByLabel('NPI *').click();
          |                                             ^
      107 |         await this.page.getByLabel('NPI *').fill(npi);
      108 |     }
      109 |             //save provider button

        at ProvidersPage.editProviderNPI (C:\Users\white\work\mbh-playwright\classes\providersPage.ts:106:45)
        at C:\Users\white\work\mbh-playwright\mbheditprovidersNPI.mbhpages.ts:22:21

    attachment #1: screenshot (image/png) ──────────────────────────────────────────────────────────
    test-results\mbheditprovidersNPI.mbhpages.ts-edit-provider-NPI-chrome\test-failed-1.png
    ────────────────────────────────────────────────────────────────────────────────────────────────

    attachment #2: video (video/webm) ──────────────────────────────────────────────────────────────
    test-results\mbheditprovidersNPI.mbhpages.ts-edit-provider-NPI-chrome\video.webm
    ────────────────────────────────────────────────────────────────────────────────────────────────
]]>
</failure>
<system-out>
<![CDATA[
[[ATTACHMENT|test-results\mbheditprovidersNPI.mbhpages.ts-edit-provider-NPI-chrome\test-failed-1.png]]

[[ATTACHMENT|test-results\mbheditprovidersNPI.mbhpages.ts-edit-provider-NPI-chrome\video.webm]]
]]>
</system-out>
</testcase>
</testsuite>
<testsuite name="mbhemailtemplates.mbhpages.ts" timestamp="2024-06-14T15:04:44.957Z" hostname="chrome" tests="2" failures="1" skipped="0" time="108.512" errors="0">
[...]

    Test timeout of 90000ms exceeded.

    Error: locator.click: Test timeout of 90000ms exceeded.
    Call log:
      - waiting for locator('.mat-checkbox-inner-container')


       at classes\worklistPage.ts:81

      79 |     async unselectAllCaseTypes(){
      80 |         await this.page.getByLabel('Case Type').locator('div').nth(3).click();//selects the case type drop down
    > 81 |         await this.page.locator('.mat-checkbox-inner-container').click({delay:100}); //deselects the select all case type
         |                                                                  ^
      82 |     }
      83 |     //Select Case Type function
      84 |     async selectCaseType(casetype: string){

        at WorklistPage.unselectAllCaseTypes (C:\Users\white\work\mbh-playwright\classes\worklistPage.ts:81:66)
        at C:\Users\white\work\mbh-playwright\mbhworklist.mbhpages.ts:23:3

    attachment #1: screenshot (image/png) ──────────────────────────────────────────────────────────
    test-results\mbhworklist.mbhpages.ts-worklist-chrome\test-failed-1.png
    ────────────────────────────────────────────────────────────────────────────────────────────────

    attachment #2: video (video/webm) ──────────────────────────────────────────────────────────────
    test-results\mbhworklist.mbhpages.ts-worklist-chrome\video.webm
    ────────────────────────────────────────────────────────────────────────────────────────────────
]]>
</failure>
<system-out>
<![CDATA[
[[ATTACHMENT|test-results\mbhworklist.mbhpages.ts-worklist-chrome\test-failed-1.png]]

[[ATTACHMENT|test-results\mbhworklist.mbhpages.ts-worklist-chrome\video.webm]]
]]>
</system-out>
</testcase>
<testcase name="add communication" classname="mbhworklist.mbhpages.ts" time="90.133">
<properties>
<property name="slow" value="">
</property>
</properties>
<failure message="mbhworklist.mbhpages.ts:31:5 add communication" type="FAILURE">
<![CDATA[  [chrome] › mbhworklist.mbhpages.ts:31:5 › add communication ──────────────────────────────────────

    Test timeout of 90000ms exceeded.

    attachment #1: screenshot (image/png) ──────────────────────────────────────────────────────────
    test-results\mbhworklist.mbhpages.ts-add-communication-chrome\test-failed-1.png
    ────────────────────────────────────────────────────────────────────────────────────────────────

    attachment #2: video (video/webm) ──────────────────────────────────────────────────────────────
    test-results\mbhworklist.mbhpages.ts-add-communication-chrome\video.webm
    ────────────────────────────────────────────────────────────────────────────────────────────────
]]>
</failure>
<system-out>
<![CDATA[
[[ATTACHMENT|test-results\mbhworklist.mbhpages.ts-add-communication-chrome\test-failed-1.png]]

[[ATTACHMENT|test-results\mbhworklist.mbhpages.ts-add-communication-chrome\video.webm]]
]]>
</system-out>
</testcase>
<testcase name="edit communication" classname="mbhworklist.mbhpages.ts" time="90.113">
<properties>
<property name="slow" value="">
</property>
</properties>
<failure message="mbhworklist.mbhpages.ts:53:5 edit communication" type="FAILURE">
<![CDATA[  [chrome] › mbhworklist.mbhpages.ts:53:5 › edit communication ─────────────────────────────────────

    Test timeout of 90000ms exceeded.

    attachment #1: screenshot (image/png) ──────────────────────────────────────────────────────────
    test-results\mbhworklist.mbhpages.ts-edit-communication-chrome\test-failed-1.png
    ────────────────────────────────────────────────────────────────────────────────────────────────

    attachment #2: video (video/webm) ──────────────────────────────────────────────────────────────
    test-results\mbhworklist.mbhpages.ts-edit-communication-chrome\video.webm
    ────────────────────────────────────────────────────────────────────────────────────────────────
]]>
</failure>
<system-out>
<![CDATA[
[[ATTACHMENT|test-results\mbhworklist.mbhpages.ts-edit-communication-chrome\test-failed-1.png]]

[[ATTACHMENT|test-results\mbhworklist.mbhpages.ts-edit-communication-chrome\video.webm]]
]]>
</system-out>
</testcase>
</testsuite>
<testsuite name="mbhworklistfilter.mbhpages.ts" timestamp="2024-06-14T15:04:44.957Z" hostname="chrome" tests="6" failures="5" skipped="0" time="512.171" errors="0">
<testcase name="worklist filter date range test" classname="mbhworklistfilter.mbhpages.ts" time="35.486">
<properties>
<property name="slow" value="">
</property>
</properties>
<system-out>
<![CDATA[
[[ATTACHMENT|test-results\mbhworklistfilter.mbhpages-328d4-list-filter-date-range-test-chrome\test-finished-1.png]]

[[ATTACHMENT|test-results\mbhworklistfilter.mbhpages-328d4-list-filter-date-range-test-chrome\video.webm]]
]]>
</system-out>
</testcase>
<testcase name="worklist filter case type test" classname="mbhworklistfilter.mbhpages.ts" time="95.418">
<properties>
<property name="slow" value="">
</property>
</properties>
<failure message="mbhworklistfilter.mbhpages.ts:28:5 worklist filter case type test" type="FAILURE">
<![CDATA[  [chrome] › mbhworklistfilter.mbhpages.ts:28:5 › worklist filter case type test ───────────────────

    Test timeout of 90000ms exceeded.

    Error: locator.click: Test timeout of 90000ms exceeded.
    Call log:
      - waiting for locator('.mat-checkbox-inner-container')


       at classes\worklistPage.ts:81

      79 |     async unselectAllCaseTypes(){
      80 |         await this.page.getByLabel('Case Type').locator('div').nth(3).click();//selects the case type drop down
    > 81 |         await this.page.locator('.mat-checkbox-inner-container').click({delay:100}); //deselects the select all case type
         |                                                                  ^
      82 |     }
      83 |     //Select Case Type function
      84 |     async selectCaseType(casetype: string){

        at WorklistPage.unselectAllCaseTypes (C:\Users\white\work\mbh-playwright\classes\worklistPage.ts:81:66)
        at C:\Users\white\work\mbh-playwright\mbhworklistfilter.mbhpages.ts:43:3

    attachment #1: screenshot (image/png) ──────────────────────────────────────────────────────────
    test-results\mbhworklistfilter.mbhpages.ts-worklist-filter-case-type-test-chrome\test-failed-1.png
    ────────────────────────────────────────────────────────────────────────────────────────────────

    attachment #2: video (video/webm) ──────────────────────────────────────────────────────────────
    test-results\mbhworklistfilter.mbhpages.ts-worklist-filter-case-type-test-chrome\video.webm
    ────────────────────────────────────────────────────────────────────────────────────────────────
]]>
</failure>
<system-out>
<![CDATA[
[[ATTACHMENT|test-results\mbhworklistfilter.mbhpages.ts-worklist-filter-case-type-test-chrome\test-failed-1.png]]

[[ATTACHMENT|test-results\mbhworklistfilter.mbhpages.ts-worklist-filter-case-type-test-chrome\video.webm]]
]]>
</system-out>
</testcase>
<testcase name="retain worklist filter test" classname="mbhworklistfilter.mbhpages.ts" time="95.357">
<properties>
<property name="slow" value="">
</property>
</properties>
<failure message="mbhworklistfilter.mbhpages.ts:48:5 retain worklist filter test" type="FAILURE">
<![CDATA[  [chrome] › mbhworklistfilter.mbhpages.ts:48:5 › retain worklist filter test ──────────────────────

    Test timeout of 90000ms exceeded.

    Error: locator.click: Test timeout of 90000ms exceeded.
    Call log:
      - waiting for locator('.mat-checkbox-inner-container')


       at classes\worklistPage.ts:81

      79 |     async unselectAllCaseTypes(){
      80 |         await this.page.getByLabel('Case Type').locator('div').nth(3).click();//selects the case type drop down
    > 81 |         await this.page.locator('.mat-checkbox-inner-container').click({delay:100}); //deselects the select all case type
         |                                                                  ^
      82 |     }
      83 |     //Select Case Type function
      84 |     async selectCaseType(casetype: string){

        at WorklistPage.unselectAllCaseTypes (C:\Users\white\work\mbh-playwright\classes\worklistPage.ts:81:66)
        at C:\Users\white\work\mbh-playwright\mbhworklistfilter.mbhpages.ts:63:3

    attachment #1: screenshot (image/png) ──────────────────────────────────────────────────────────
    test-results\mbhworklistfilter.mbhpages.ts-retain-worklist-filter-test-chrome\test-failed-1.png
    ────────────────────────────────────────────────────────────────────────────────────────────────

    attachment #2: video (video/webm) ──────────────────────────────────────────────────────────────
    test-results\mbhworklistfilter.mbhpages.ts-retain-worklist-filter-test-chrome\video.webm
    ────────────────────────────────────────────────────────────────────────────────────────────────
]]>
</failure>
<system-out>
<![CDATA[
[[ATTACHMENT|test-results\mbhworklistfilter.mbhpages.ts-retain-worklist-filter-test-chrome\test-failed-1.png]]

[[ATTACHMENT|test-results\mbhworklistfilter.mbhpages.ts-retain-worklist-filter-test-chrome\video.webm]]
]]>
</system-out>
</testcase>
<testcase name="retain surgical worklist filter test" classname="mbhworklistfilter.mbhpages.ts" time="95.278">
<properties>
<property name="slow" value="">
</property>
</properties>
<failure message="mbhworklistfilter.mbhpages.ts:71:5 retain surgical worklist filter test" type="FAILURE">
<![CDATA[  [chrome] › mbhworklistfilter.mbhpages.ts:71:5 › retain surgical worklist filter test ─────────────

    Test timeout of 90000ms exceeded.

    Error: locator.click: Test timeout of 90000ms exceeded.
    Call log:
      - waiting for locator('.mat-checkbox-inner-container')


       at classes\worklistPage.ts:81

      79 |     async unselectAllCaseTypes(){
      80 |         await this.page.getByLabel('Case Type').locator('div').nth(3).click();//selects the case type drop down
    > 81 |         await this.page.locator('.mat-checkbox-inner-container').click({delay:100}); //deselects the select all case type
         |                                                                  ^
      82 |     }
      83 |     //Select Case Type function
      84 |     async selectCaseType(casetype: string){

        at WorklistPage.unselectAllCaseTypes (C:\Users\white\work\mbh-playwright\classes\worklistPage.ts:81:66)
        at C:\Users\white\work\mbh-playwright\mbhworklistfilter.mbhpages.ts:86:3

    attachment #1: screenshot (image/png) ──────────────────────────────────────────────────────────
    test-results\mbhworklistfilter.mbhpages-d0ef3-rgical-worklist-filter-test-chrome\test-failed-1.png
    ────────────────────────────────────────────────────────────────────────────────────────────────

    attachment #2: video (video/webm) ──────────────────────────────────────────────────────────────
    test-results\mbhworklistfilter.mbhpages-d0ef3-rgical-worklist-filter-test-chrome\video.webm
    ────────────────────────────────────────────────────────────────────────────────────────────────
]]>
</failure>
<system-out>
<![CDATA[
[[ATTACHMENT|test-results\mbhworklistfilter.mbhpages-d0ef3-rgical-worklist-filter-test-chrome\test-failed-1.png]]

[[ATTACHMENT|test-results\mbhworklistfilter.mbhpages-d0ef3-rgical-worklist-filter-test-chrome\video.webm]]
]]>
</system-out>
</testcase>
<testcase name="retain non surgical worklist filter test" classname="mbhworklistfilter.mbhpages.ts" time="95.311">
<properties>
<property name="slow" value="">
</property>
</properties>
<failure message="mbhworklistfilter.mbhpages.ts:92:5 retain non surgical worklist filter test" type="FAILURE">
<![CDATA[  [chrome] › mbhworklistfilter.mbhpages.ts:92:5 › retain non surgical worklist filter test ─────────

    Test timeout of 90000ms exceeded.

    Error: locator.click: Test timeout of 90000ms exceeded.
    Call log:
      - waiting for locator('.mat-checkbox-inner-container')


       at classes\worklistPage.ts:81

      79 |     async unselectAllCaseTypes(){
      80 |         await this.page.getByLabel('Case Type').locator('div').nth(3).click();//selects the case type drop down
    > 81 |         await this.page.locator('.mat-checkbox-inner-container').click({delay:100}); //deselects the select all case type
         |                                                                  ^
      82 |     }
      83 |     //Select Case Type function
      84 |     async selectCaseType(casetype: string){

        at WorklistPage.unselectAllCaseTypes (C:\Users\white\work\mbh-playwright\classes\worklistPage.ts:81:66)
        at C:\Users\white\work\mbh-playwright\mbhworklistfilter.mbhpages.ts:107:3

    attachment #1: screenshot (image/png) ──────────────────────────────────────────────────────────
    test-results\mbhworklistfilter.mbhpages-ccebf-rgical-worklist-filter-test-chrome\test-failed-1.png
    ────────────────────────────────────────────────────────────────────────────────────────────────

    attachment #2: video (video/webm) ──────────────────────────────────────────────────────────────
    test-results\mbhworklistfilter.mbhpages-ccebf-rgical-worklist-filter-test-chrome\video.webm
    ────────────────────────────────────────────────────────────────────────────────────────────────
]]>
</failure>
<system-out>
<![CDATA[
[[ATTACHMENT|test-results\mbhworklistfilter.mbhpages-ccebf-rgical-worklist-filter-test-chrome\test-failed-1.png]]

[[ATTACHMENT|test-results\mbhworklistfilter.mbhpages-ccebf-rgical-worklist-filter-test-chrome\video.webm]]
]]>
</system-out>
</testcase>
<testcase name="Worklist pagination" classname="mbhworklistfilter.mbhpages.ts" time="95.321">
<properties>
<property name="slow" value="">
</property>
</properties>
<failure message="mbhworklistfilter.mbhpages.ts:113:5 Worklist pagination" type="FAILURE">
<![CDATA[  [chrome] › mbhworklistfilter.mbhpages.ts:113:5 › Worklist pagination ─────────────────────────────

    Test timeout of 90000ms exceeded.

    Error: locator.scrollIntoViewIfNeeded: Test timeout of 90000ms exceeded.
    Call log:
      - waiting for getByText('›', { exact: true })


       at classes\worklistPage.ts:943

      941 |
      942 |     async worklistPagination(num){
    > 943 |         await this.page.getByText('›',{exact:true}).scrollIntoViewIfNeeded();
          |                                                     ^
      944 |         await this.page.getByRole('link', { name: num }).click({delay:1000});
      945 |     }
      946 |

        at WorklistPage.worklistPagination (C:\Users\white\work\mbh-playwright\classes\worklistPage.ts:943:53)
        at C:\Users\white\work\mbh-playwright\mbhworklistfilter.mbhpages.ts:128:18

    attachment #1: screenshot (image/png) ──────────────────────────────────────────────────────────
    test-results\mbhworklistfilter.mbhpages.ts-Worklist-pagination-chrome\test-failed-1.png
    ────────────────────────────────────────────────────────────────────────────────────────────────

    attachment #2: video (video/webm) ──────────────────────────────────────────────────────────────
    test-results\mbhworklistfilter.mbhpages.ts-Worklist-pagination-chrome\video.webm
    ────────────────────────────────────────────────────────────────────────────────────────────────
]]>
</failure>
<system-out>
<![CDATA[
[[ATTACHMENT|test-results\mbhworklistfilter.mbhpages.ts-Worklist-pagination-chrome\test-failed-1.png]]

[[ATTACHMENT|test-results\mbhworklistfilter.mbhpages.ts-Worklist-pagination-chrome\video.webm]]
]]>
</system-out>
</testcase>
</testsuite>
<testsuite name="sampleTest.mbhpages.ts" timestamp="2024-06-14T15:04:44.957Z" hostname="chrome" tests="1" failures="1" skipped="0" time="96.898" errors="0">
<testcase name="Sample test" classname="sampleTest.mbhpages.ts" time="96.898">
<properties>
<property name="slow" value="">
</property>
</properties>
<failure message="sampleTest.mbhpages.ts:19:5 Sample test" type="FAILURE">
<![CDATA[  [chrome] › sampleTest.mbhpages.ts:19:5 › Sample test ─────────────────────────────────────────────

    Test timeout of 90000ms exceeded.

    Error: locator.click: Test timeout of 90000ms exceeded.
    Call log:
      - waiting for getByRole('button', { name: 'MBH' })


       at classes\dashboardPage.ts:19

      17 |     //change button
      18 |     async clickClientDropDown(optionClient: string){
    > 19 |         await this.page.getByRole('button', {name:'MBH'}).click()
         |                                                           ^
      20 |         await this.page.getByLabel('MBH').locator('div').nth(3).click();//this selects the "drop down" for the client list
      21 |         /**
      22 |          * optionClient key for below 

        at DashboardPage.clickClientDropDown (C:\Users\white\work\mbh-playwright\classes\dashboardPage.ts:19:59)
        at C:\Users\white\work\mbh-playwright\sampleTest.mbhpages.ts:29:22

    attachment #1: screenshot (image/png) ──────────────────────────────────────────────────────────
    test-results\sampleTest.mbhpages.ts-Sample-test-chrome\test-failed-1.png
    ────────────────────────────────────────────────────────────────────────────────────────────────

    attachment #2: video (video/webm) ──────────────────────────────────────────────────────────────
    test-results\sampleTest.mbhpages.ts-Sample-test-chrome\video.webm
    ────────────────────────────────────────────────────────────────────────────────────────────────
]]>
</failure>
<system-out>
<![CDATA[
[[ATTACHMENT|test-results\sampleTest.mbhpages.ts-Sample-test-chrome\test-failed-1.png]]

[[ATTACHMENT|test-results\sampleTest.mbhpages.ts-Sample-test-chrome\video.webm]]
]]>
</system-out>
</testcase>
</testsuite>
<testsuite name="worklistFilterTest.mbhpages.ts" timestamp="2024-06-14T15:04:44.957Z" hostname="chrome" tests="1" failures="1" skipped="0" time="93.8" errors="0">
<testcase name="Worklist Filter Test" classname="worklistFilterTest.mbhpages.ts" time="93.8">
<properties>
<property name="slow" value="">
</property>
</properties>
<failure message="worklistFilterTest.mbhpages.ts:7:5 Worklist Filter Test" type="FAILURE">
<![CDATA[  [chrome] › worklistFilterTest.mbhpages.ts:7:5 › Worklist Filter Test ─────────────────────────────

    Test timeout of 90000ms exceeded.

    Error: locator.click: Test timeout of 90000ms exceeded.
    Call log:
      - waiting for getByRole('link', { name: 'Surgical', exact: true })


       at classes\worklistPage.ts:58

      56 |     //surgical menu option
      57 |     async clickSurgical(){
    > 58 |         await this.page.getByRole('link', {name: 'Surgical', exact:true}).click({delay:1000});// clicks the Surgical submenu from the worklist
         |                                                                           ^
      59 |     }
      60 |     //chronic menu option
      61 |     async clickChronic(){ //change name to clickNonSurgical?

        at WorklistPage.clickSurgical (C:\Users\white\work\mbh-playwright\classes\worklistPage.ts:58:75)
        at C:\Users\white\work\mbh-playwright\worklistFilterTest.mbhpages.ts:19:20

    attachment #1: screenshot (image/png) ──────────────────────────────────────────────────────────
    test-results\worklistFilterTest.mbhpages.ts-Worklist-Filter-Test-chrome\test-failed-1.png
    ────────────────────────────────────────────────────────────────────────────────────────────────

    attachment #2: video (video/webm) ──────────────────────────────────────────────────────────────
    test-results\worklistFilterTest.mbhpages.ts-Worklist-Filter-Test-chrome\video.webm
    ────────────────────────────────────────────────────────────────────────────────────────────────
]]>
</failure>
<system-out>
<![CDATA[
[[ATTACHMENT|test-results\worklistFilterTest.mbhpages.ts-Worklist-Filter-Test-chrome\test-failed-1.png]]

[[ATTACHMENT|test-results\worklistFilterTest.mbhpages.ts-Worklist-Filter-Test-chrome\video.webm]]
]]>
</system-out>
</testcase>
</testsuite>
</testsuites>